#
# There is insufficient memory for the Java Runtime Environment to continue.
# Native memory allocation (mmap) failed to map 65536 bytes for Failed to commit metaspace.
# Possible reasons:
#   The system is out of physical RAM or swap space
#   The process is running with CompressedOops enabled, and the Java Heap may be blocking the growth of the native heap
# Possible solutions:
#   Reduce memory load on the system
#   Increase physical memory or swap space
#   Check if swap backing store is full
#   Decrease Java heap size (-Xmx/-Xms)
#   Decrease number of Java threads
#   Decrease Java thread stack sizes (-Xss)
#   Set larger code cache with -XX:ReservedCodeCacheSize=
#   JVM is running with Zero Based Compressed Oops mode in which the Java heap is
#     placed in the first 32GB address space. The Java Heap base address is the
#     maximum limit for the native heap growth. Please use -XX:HeapBaseMinAddress
#     to set the Java Heap base and to place the Java Heap above 32GB virtual address.
# This output file may be truncated or incomplete.
#
#  Out of Memory Error (virtualSpaceNode.cpp:112), pid=4112, tid=26280
#
# JRE version: OpenJDK Runtime Environment (21.0.2+13) (build 21.0.2+13-58)
# Java VM: OpenJDK 64-Bit Server VM (21.0.2+13-58, mixed mode, emulated-client, sharing, tiered, compressed oops, compressed class ptrs, g1 gc, windows-amd64)
# No core dump will be written. Minidumps are not enabled by default on client versions of Windows
#

---------------  S U M M A R Y ------------

Command Line: -XX:TieredStopAtLevel=1 -Dspring.output.ansi.enabled=always -Dcom.sun.management.jmxremote -Dspring.jmx.enabled=true -Dspring.liveBeansView.mbeanDomain -Dspring.application.admin.enabled=true -Dmanagement.endpoints.jmx.exposure.include=* -javaagent:C:\Program Files\JetBrains\IntelliJ IDEA 2023.2\lib\idea_rt.jar=51318:C:\Program Files\JetBrains\IntelliJ IDEA 2023.2\bin -Dfile.encoding=UTF-8 -Dsun.stdout.encoding=UTF-8 -Dsun.stderr.encoding=UTF-8 com.example.fixify.FixifyApplication

Host: AMD Ryzen 5 5600G with Radeon Graphics         , 12 cores, 23G,  Windows 11 , 64 bit Build 22621 (10.0.22621.2506)
Time: Tue Feb 13 22:04:34 2024 Hora estándar, América Central elapsed time: 1.085099 seconds (0d 0h 0m 1s)

---------------  T H R E A D  ---------------

Current thread (0x000001adfd73f640):  JavaThread "Attach Listener" daemon [_thread_in_vm, id=26280, stack(0x0000001c55600000,0x0000001c55700000) (1024K)]

Stack: [0x0000001c55600000,0x0000001c55700000]
Native frames: (J=compiled Java code, j=interpreted, Vv=VM code, C=native code)
V  [jvm.dll+0x6cade9]
V  [jvm.dll+0x8569c1]
V  [jvm.dll+0x858d2e]
V  [jvm.dll+0x859413]
V  [jvm.dll+0x280e56]
V  [jvm.dll+0x8526ee]
V  [jvm.dll+0x66e705]
V  [jvm.dll+0x66e76a]
V  [jvm.dll+0x670f96]
V  [jvm.dll+0x670e62]
V  [jvm.dll+0x66f0de]
V  [jvm.dll+0x680079]
V  [jvm.dll+0x67951e]
V  [jvm.dll+0x3d4471]
C  0x000001adf626b779

The last pc belongs to method entry point (kind = zerolocals) (printed below).
Java frames: (J=compiled Java code, j=interpreted, Vv=VM code)
j  sun.util.cldr.CLDRLocaleProviderAdapter$$Lambda+0x800000066.<init>()V+0 java.base@21.0.2
J 768 c1 java.lang.invoke.DirectMethodHandle$Holder.newInvokeSpecial(Ljava/lang/Object;)Ljava/lang/Object; java.base@21.0.2 (20 bytes) @ 0x000001adf65268a4 [0x000001adf65267e0+0x00000000000000c4]
J 789 c1 java.lang.invoke.Invokers$Holder.invokeExact_MT(Ljava/lang/Object;Ljava/lang/Object;)Ljava/lang/Object; java.base@21.0.2 (22 bytes) @ 0x000001adf65b7b34 [0x000001adf65b7a60+0x00000000000000d4]
j  java.lang.invoke.InnerClassLambdaMetafactory.buildCallSite()Ljava/lang/invoke/CallSite;+90 java.base@21.0.2
j  java.lang.invoke.LambdaMetafactory.metafactory(Ljava/lang/invoke/MethodHandles$Lookup;Ljava/lang/String;Ljava/lang/invoke/MethodType;Ljava/lang/invoke/MethodType;Ljava/lang/invoke/MethodHandle;Ljava/lang/invoke/MethodType;)Ljava/lang/invoke/CallSite;+67 java.base@21.0.2
j  java.lang.invoke.LambdaForm$DMH+0x000001ad87101400.invokeStatic(Ljava/lang/Object;Ljava/lang/Object;Ljava/lang/Object;Ljava/lang/Object;Ljava/lang/Object;Ljava/lang/Object;Ljava/lang/Object;)Ljava/lang/Object;+27 java.base@21.0.2
J 1767 c1 java.lang.invoke.BootstrapMethodInvoker.invoke(Ljava/lang/Class;Ljava/lang/invoke/MethodHandle;Ljava/lang/String;Ljava/lang/Object;Ljava/lang/Object;Ljava/lang/Class;)Ljava/lang/Object; java.base@21.0.2 (974 bytes) @ 0x000001adf67dcdb4 [0x000001adf67db720+0x0000000000001694]
J 1766 c1 java.lang.invoke.CallSite.makeSite(Ljava/lang/invoke/MethodHandle;Ljava/lang/String;Ljava/lang/invoke/MethodType;Ljava/lang/Object;Ljava/lang/Class;)Ljava/lang/invoke/CallSite; java.base@21.0.2 (91 bytes) @ 0x000001adf67d5a14 [0x000001adf67d59c0+0x0000000000000054]
J 1765 c1 java.lang.invoke.MethodHandleNatives.linkCallSiteImpl(Ljava/lang/Class;Ljava/lang/invoke/MethodHandle;Ljava/lang/String;Ljava/lang/invoke/MethodType;Ljava/lang/Object;[Ljava/lang/Object;)Ljava/lang/invoke/MemberName; java.base@21.0.2 (119 bytes) @ 0x000001adf67d4cc4 [0x000001adf67d4c80+0x0000000000000044]
J 1764 c1 java.lang.invoke.MethodHandleNatives.linkCallSite(Ljava/lang/Object;Ljava/lang/Object;Ljava/lang/Object;Ljava/lang/Object;Ljava/lang/Object;[Ljava/lang/Object;)Ljava/lang/invoke/MemberName; java.base@21.0.2 (65 bytes) @ 0x000001adf67d488c [0x000001adf67d4760+0x000000000000012c]
v  ~StubRoutines::call_stub 0x000001adf626100d
j  sun.util.cldr.CLDRLocaleProviderAdapter.<init>()V+4 java.base@21.0.2
J 768 c1 java.lang.invoke.DirectMethodHandle$Holder.newInvokeSpecial(Ljava/lang/Object;)Ljava/lang/Object; java.base@21.0.2 (20 bytes) @ 0x000001adf65268a4 [0x000001adf65267e0+0x00000000000000c4]
J 793 c1 jdk.internal.reflect.DirectConstructorHandleAccessor.newInstance([Ljava/lang/Object;)Ljava/lang/Object; java.base@21.0.2 (130 bytes) @ 0x000001adf6649864 [0x000001adf6649700+0x0000000000000164]
J 773 c1 java.lang.reflect.Constructor.newInstanceWithCaller([Ljava/lang/Object;ZLjava/lang/Class;)Ljava/lang/Object; java.base@21.0.2 (51 bytes) @ 0x000001adf65250a4 [0x000001adf6524fe0+0x00000000000000c4]
J 801 c1 java.lang.reflect.Constructor.newInstance([Ljava/lang/Object;)Ljava/lang/Object; java.base@21.0.2 (34 bytes) @ 0x000001adf66482e4 [0x000001adf6648240+0x00000000000000a4]
j  sun.util.locale.provider.LocaleProviderAdapter.forType(Lsun/util/locale/provider/LocaleProviderAdapter$Type;)Lsun/util/locale/provider/LocaleProviderAdapter;+75 java.base@21.0.2
j  sun.util.locale.provider.LocaleServiceProviderPool.findProviders(Ljava/util/Locale;Z)Ljava/util/List;+52 java.base@21.0.2
j  sun.util.locale.provider.LocaleServiceProviderPool.getLocalizedObjectImpl(Lsun/util/locale/provider/LocaleServiceProviderPool$LocalizedObjectGetter;Ljava/util/Locale;ZLjava/lang/String;[Ljava/lang/Object;)Ljava/lang/Object;+53 java.base@21.0.2
j  sun.util.locale.provider.LocaleServiceProviderPool.getLocalizedObject(Lsun/util/locale/provider/LocaleServiceProviderPool$LocalizedObjectGetter;Ljava/util/Locale;Ljava/lang/String;[Ljava/lang/Object;)Ljava/lang/Object;+7 java.base@21.0.2
j  sun.util.locale.provider.TimeZoneNameUtility.retrieveDisplayNamesImpl(Ljava/lang/String;Ljava/util/Locale;)[Ljava/lang/String;+140 java.base@21.0.2
j  sun.util.locale.provider.TimeZoneNameUtility.retrieveDisplayName(Ljava/lang/String;ZILjava/util/Locale;)Ljava/lang/String;+2 java.base@21.0.2
j  java.util.TimeZone.getDisplayName(ZILjava/util/Locale;)Ljava/lang/String;+47 java.base@21.0.2
j  java.util.Date.toString()Ljava/lang/String;+150 java.base@21.0.2
J 1830 c1 java.lang.StringBuilder.append(Ljava/lang/Object;)Ljava/lang/StringBuilder; java.base@21.0.2 (9 bytes) @ 0x000001adf67f11ac [0x000001adf67f1140+0x000000000000006c]
j  java.util.Properties.writeDateComment(Ljava/io/BufferedWriter;)V+43 java.base@21.0.2
j  java.util.Properties.store0(Ljava/io/BufferedWriter;Ljava/lang/String;Z)V+10 java.base@21.0.2
j  java.util.Properties.store(Ljava/io/OutputStream;Ljava/lang/String;)V+21 java.base@21.0.2
j  jdk.internal.vm.VMSupport.serializePropertiesToByteArray(Ljava/util/Properties;)[B+14 java.base@21.0.2
j  jdk.internal.vm.VMSupport.serializeAgentPropertiesToByteArray()[B+6 java.base@21.0.2
v  ~StubRoutines::call_stub 0x000001adf626100d
method entry point (kind = zerolocals)  [0x000001adf626b660, 0x000001adf626b950]  752 bytes
[MachCode]
  0x000001adf626b660: 488b 5308 | 0fb7 4a2e | 0fb7 522c | 2bd1 81fa | f501 0000 | 0f86 2500 | 0000 488b | c248 c1e0 
  0x000001adf626b680: 0348 83c0 | 5849 0387 | d004 0000 | 483b e00f | 870a 0000 | 0058 498b | e550 e9e1 | afff ff58 
  0x000001adf626b6a0: 4c8d 74cc | f885 d20f | 8e09 0000 | 0068 0000 | 0000 ffca | 7ff7 5055 | 488b ec41 | 5568 0000 
  0x000001adf626b6c0: 0000 4c8b | 6b08 4d8d | 6d38 5348 | 8b53 0848 | 8b52 0848 | 8b52 1848 | 8b52 7048 | 8b12 5268 
  0x000001adf626b6e0: 0000 0000 | 488b 5308 | 488b 5208 | 488b 5210 | 5249 8bc6 | 482b c548 | c1e8 0350 | 4155 6800 
  0x000001adf626b700: 0000 0048 | 8924 2441 | c687 7904 | 0000 0148 | 8b43 1848 | 85c0 0f85 | b000 0000 | e805 0000 
  0x000001adf626b720: 00e9 9900 | 0000 488b | d348 8d44 | 2408 4c89 | 6dc0 498b | cfc5 f877 | 4989 afa8 | 0300 0049 
  0x000001adf626b740: 8987 9803 | 0000 4883 | ec20 40f6 | c40f 0f84 | 1900 0000 | 4883 ec08 | 48b8 5044 | 08bf ff7f 
  0x000001adf626b760: 0000 ffd0 | 4883 c408 | e90c 0000 | 0048 b850 | 4408 bfff | 7f00 00ff | d048 83c4 | 2049 c787 
  0x000001adf626b780: 9803 0000 | 0000 0000 | 49c7 87a8 | 0300 0000 | 0000 0049 | c787 a003 | 0000 0000 | 0000 c5f8 
  0x000001adf626b7a0: 7749 837f | 0800 0f84 | 0500 0000 | e94f 57ff | ff4c 8b6d | c04c 8b75 | c84e 8d74 | f500 c348 
  0x000001adf626b7c0: 8b43 1848 | 85c0 0f84 | 1200 0000 | 8b48 0883 | c102 8948 | 0823 481c | 0f84 c200 | 0000 493b 
  0x000001adf626b7e0: a7e8 0400 | 000f 8748 | 0000 0089 | 8424 00f0 | ffff 8984 | 2400 e0ff | ff89 8424 | 00d0 ffff 
  0x000001adf626b800: 8984 2400 | c0ff ff89 | 8424 00b0 | ffff 8984 | 2400 a0ff | ff89 8424 | 0090 ffff | 8984 2400 
  0x000001adf626b820: 80ff ff49 | 3ba7 e004 | 0000 7607 | 4989 a7e8 | 0400 0041 | c687 7904 | 0000 0049 | baf9 458d 
  0x000001adf626b840: bfff 7f00 | 0041 803a | 000f 843e | 0000 0048 | 8b55 e849 | 8bcf 4883 | ec20 40f6 | c40f 0f84 
  0x000001adf626b860: 1900 0000 | 4883 ec08 | 48b8 4009 | 3ebf ff7f | 0000 ffd0 | 4883 c408 | e90c 0000 | 0048 b840 
  0x000001adf626b880: 093e bfff | 7f00 00ff | d048 83c4 | 2041 0fb6 | 5d00 49ba | 000f 90bf | ff7f 0000 | 41ff 24da 
  0x000001adf626b8a0: ba00 0000 | 00e8 0500 | 0000 e996 | 0000 0048 | 8d44 2408 | 4c89 6dc0 | 498b cfc5 | f877 4989 
  0x000001adf626b8c0: afa8 0300 | 0049 8987 | 9803 0000 | 4883 ec20 | 40f6 c40f | 0f84 1900 | 0000 4883 | ec08 48b8 
  0x000001adf626b8e0: d04e 08bf | ff7f 0000 | ffd0 4883 | c408 e90c | 0000 0048 | b8d0 4e08 | bfff 7f00 | 00ff d048 
  0x000001adf626b900: 83c4 2049 | c787 9803 | 0000 0000 | 0000 49c7 | 87a8 0300 | 0000 0000 | 0049 c787 | a003 0000 
  0x000001adf626b920: 0000 0000 | c5f8 7749 | 837f 0800 | 0f84 0500 | 0000 e9c9 | 55ff ff4c | 8b6d c04c | 8b75 c84e 
  0x000001adf626b940: 8d74 f500 | c348 8b5d | e8e9 90fe | ffff 6690 
[/MachCode]

Compiled method (c1)    1105  768       1       java.lang.invoke.DirectMethodHandle$Holder::newInvokeSpecial (20 bytes)
 total in heap  [0x000001adf6526610,0x000001adf6526a98] = 1160
 relocation     [0x000001adf6526770,0x000001adf65267c8] = 88
 main code      [0x000001adf65267e0,0x000001adf6526920] = 320
 stub code      [0x000001adf6526920,0x000001adf6526980] = 96
 metadata       [0x000001adf6526980,0x000001adf6526998] = 24
 scopes data    [0x000001adf6526998,0x000001adf65269f8] = 96
 scopes pcs     [0x000001adf65269f8,0x000001adf6526a78] = 128
 dependencies   [0x000001adf6526a78,0x000001adf6526a80] = 8
 nul chk table  [0x000001adf6526a80,0x000001adf6526a98] = 24

[Constant Pool (empty)]

[MachCode]
[Verified Entry Point]
  # {method} {0x000001ad860b6438} 'newInvokeSpecial' '(Ljava/lang/Object;)Ljava/lang/Object;' in 'java/lang/invoke/DirectMethodHandle$Holder'
  # parm0:    rdx:rdx   = 'java/lang/Object'
  #           [sp+0x60]  (sp of caller)
  0x000001adf65267e0: 8984 2400 | 80ff ff55 | 4883 ec50 | 4181 7f20 | 0100 0000 

  0x000001adf65267f4: ;   {runtime_call StubRoutines (final stubs)}
  0x000001adf65267f4: 7405 e865 | e5d6 ff48 | 85d2 0f84 | 2800 0000 

  0x000001adf6526804: ;   {metadata('java/lang/invoke/DirectMethodHandle$Constructor')}
  0x000001adf6526804: 48bb 60c9 | 1486 ad01 | 0000 8b72 | 0849 ba00 | 0000 86ad | 0100 0049 | 03f2 483b | de0f 859d 
  0x000001adf6526824: 0000 00e9 | 0000 0000 | 4c8b c245 | 8b40 2849 | c1e0 0348 | 8954 2430 

  0x000001adf652683c: ;   {oop(a 'jdk/internal/misc/Unsafe'{0x0000000683697358})}
  0x000001adf652683c: 48ba 5873 | 6983 0600 

  0x000001adf6526844: ;   {optimized virtual_call}
  0x000001adf6526844: 0000 90e8 

  0x000001adf6526848: ; ImmutableOopMap {[48]=Oop }
                      ;*invokevirtual allocateInstance {reexecute=0 rethrow=0 return_oop=0}
                      ; - java.lang.invoke.DirectMethodHandle::allocateInstance@12 (line 501)
                      ; - java.lang.invoke.DirectMethodHandle$Holder::newInvokeSpecial@1
  0x000001adf6526848: 94d0 ffff 

  0x000001adf652684c: ;   {other}
  0x000001adf652684c: 0f1f 8400 | 3c02 0000 | 488b 5424 | 3048 85d2 | 0f84 2900 

  0x000001adf6526860: ;   {metadata('java/lang/invoke/DirectMethodHandle$Constructor')}
  0x000001adf6526860: 0000 48bf | 60c9 1486 | ad01 0000 | 448b 4208 | 49ba 0000 | 0086 ad01 | 0000 4d03 | c249 3bf8 
  0x000001adf6526880: 0f85 4c00 | 0000 e900 | 0000 0044 | 8b42 2449 | c1e0 0348 | 8bd0 4889 | 4424 380f 

  0x000001adf652689c: ;   {static_call}
  0x000001adf652689c: 1f40 00e8 

  0x000001adf65268a0: ; ImmutableOopMap {[56]=Oop }
                      ;*invokestatic linkToSpecial {reexecute=0 rethrow=0 return_oop=0}
                      ; - java.lang.invoke.DirectMethodHandle$Holder::newInvokeSpecial@15
  0x000001adf65268a0: dcfe e6ff 

  0x000001adf65268a4: ;   {other}
  0x000001adf65268a4: 0f1f 8400 | 9402 0001 | 488b 4424 | 3848 83c4 

  0x000001adf65268b4: ;   {poll_return}
  0x000001adf65268b4: 505d 493b | a750 0400 | 000f 871d | 0000 00c3 | 4889 1424 

  0x000001adf65268c8: ;   {runtime_call throw_class_cast_exception Runtime1 stub}
  0x000001adf65268c8: e8b3 dae3 

  0x000001adf65268cc: ; ImmutableOopMap {rdx=Oop }
                      ;*checkcast {reexecute=0 rethrow=0 return_oop=0}
                      ; - java.lang.invoke.DirectMethodHandle::allocateInstance@1 (line 500)
                      ; - java.lang.invoke.DirectMethodHandle$Holder::newInvokeSpecial@1
                      ;   {runtime_call throw_null_pointer_exception Runtime1 stub}
  0x000001adf65268cc: ffe8 2ea0 

  0x000001adf65268d0: ; ImmutableOopMap {rdx=Oop }
                      ;*getfield instanceClass {reexecute=1 rethrow=0 return_oop=0}
                      ; - (reexecute) java.lang.invoke.DirectMethodHandle::allocateInstance@9 (line 501)
                      ; - java.lang.invoke.DirectMethodHandle$Holder::newInvokeSpecial@1
  0x000001adf65268d0: e3ff 4889 

  0x000001adf65268d4: ;   {runtime_call throw_class_cast_exception Runtime1 stub}
  0x000001adf65268d4: 1424 e8a5 

  0x000001adf65268d8: ; ImmutableOopMap {rax=Oop }
                      ;*checkcast {reexecute=0 rethrow=0 return_oop=0}
                      ; - java.lang.invoke.DirectMethodHandle::constructorMethod@1 (line 494)
                      ; - java.lang.invoke.DirectMethodHandle$Holder::newInvokeSpecial@6
                      ;   {runtime_call throw_null_pointer_exception Runtime1 stub}
  0x000001adf65268d8: dae3 ffe8 

  0x000001adf65268dc: ; ImmutableOopMap {rax=Oop }
                      ;*getfield initMethod {reexecute=1 rethrow=0 return_oop=0}
                      ; - (reexecute) java.lang.invoke.DirectMethodHandle::constructorMethod@6 (line 495)
                      ; - java.lang.invoke.DirectMethodHandle$Holder::newInvokeSpecial@6
  0x000001adf65268dc: 20a0 e3ff 

  0x000001adf65268e0: ;   {internal_word}
  0x000001adf65268e0: 49ba b668 | 52f6 ad01 | 0000 4d89 | 9768 0400 

  0x000001adf65268f0: ;   {runtime_call SafepointBlob}
  0x000001adf65268f0: 00e9 0aee | d8ff 498b | 8700 0500 | 0049 c787 | 0005 0000 | 0000 0000 | 49c7 8708 | 0500 0000 
  0x000001adf6526910: 0000 0048 | 83c4 505d 

  0x000001adf6526918: ;   {runtime_call unwind_exception Runtime1 stub}
  0x000001adf6526918: e9e3 90e3 | fff4 f4f4 
[Stub Code]
  0x000001adf6526920: ;   {no_reloc}
  0x000001adf6526920: 48bb 0000 | 0000 0000 

  0x000001adf6526928: ;   {runtime_call}
  0x000001adf6526928: 0000 e9fb 

  0x000001adf652692c: ;   {static_stub}
  0x000001adf652692c: ffff ff48 | bb00 0000 | 0000 0000 

  0x000001adf6526938: ;   {runtime_call}
  0x000001adf6526938: 00e9 fbff 

  0x000001adf652693c: ;   {runtime_call handle_exception_from_callee Runtime1 stub}
  0x000001adf652693c: ffff e8bd 

  0x000001adf6526940: ;   {external_word}
  0x000001adf6526940: cfe3 ff48 | b9e0 4765 | bfff 7f00 | 0048 83e4 

  0x000001adf6526950: ;   {runtime_call}
  0x000001adf6526950: f048 b840 | 242d bfff | 7f00 00ff 

  0x000001adf652695c: ;   {section_word}
  0x000001adf652695c: d0f4 49ba | 5e69 52f6 | ad01 0000 

  0x000001adf6526968: ;   {runtime_call DeoptimizationBlob}
  0x000001adf6526968: 4152 e931 

  0x000001adf652696c: ;   {section_word}
  0x000001adf652696c: e0d8 ff49 | ba6f 6952 | f6ad 0100 

  0x000001adf6526978: ;   {runtime_call DeoptimizationBlob}
  0x000001adf6526978: 0041 52e9 | 20e0 d8ff 
[/MachCode]


Compiled method (c1)    1111  789       1       java.lang.invoke.Invokers$Holder::invokeExact_MT (22 bytes)
 total in heap  [0x000001adf65b7890,0x000001adf65b7d98] = 1288
 relocation     [0x000001adf65b79f0,0x000001adf65b7a58] = 104
 main code      [0x000001adf65b7a60,0x000001adf65b7bd0] = 368
 stub code      [0x000001adf65b7bd0,0x000001adf65b7c40] = 112
 metadata       [0x000001adf65b7c40,0x000001adf65b7c68] = 40
 scopes data    [0x000001adf65b7c68,0x000001adf65b7cd0] = 104
 scopes pcs     [0x000001adf65b7cd0,0x000001adf65b7d70] = 160
 dependencies   [0x000001adf65b7d70,0x000001adf65b7d78] = 8
 nul chk table  [0x000001adf65b7d78,0x000001adf65b7d98] = 32

[Constant Pool (empty)]

[MachCode]
[Verified Entry Point]
  # {method} {0x000001ad860b0a08} 'invokeExact_MT' '(Ljava/lang/Object;Ljava/lang/Object;)Ljava/lang/Object;' in 'java/lang/invoke/Invokers$Holder'
  # parm0:    rdx:rdx   = 'java/lang/Object'
  # parm1:    r8:r8     = 'java/lang/Object'
  #           [sp+0x60]  (sp of caller)
  0x000001adf65b7a60: 8984 2400 | 80ff ff55 | 4883 ec50 | 4181 7f20 | 0100 0000 

  0x000001adf65b7a74: ;   {runtime_call StubRoutines (final stubs)}
  0x000001adf65b7a74: 7405 e8e5 | d2cd ff48 | 85d2 0f84 | 2900 0000 

  0x000001adf65b7a84: ;   {metadata('java/lang/invoke/MethodHandle')}
  0x000001adf65b7a84: 48bb 2009 | 0686 ad01 | 0000 8b7a | 0849 ba00 | 0000 86ad | 0100 0049 | 03fa 483b | 5f38 0f85 
  0x000001adf65b7aa4: c400 0000 | e900 0000 | 0048 8bf2 | 4889 7424 | 404d 85c0 | 0f84 2900 

  0x000001adf65b7abc: ;   {metadata('java/lang/invoke/MethodType')}
  0x000001adf65b7abc: 0000 48b8 | 48fb 0586 | ad01 0000 | 418b 5008 | 49ba 0000 | 0086 ad01 | 0000 4903 | d248 3bc2 
  0x000001adf65b7adc: 0f85 9300 | 0000 e900 | 0000 0049 | 8bf8 8b5e | 1048 c1e3 | 0348 3bdf | 0f85 5500 | 0000 8b56 
  0x000001adf65b7afc: 1448 c1e2 | 038b 521c | 48c1 e203 | 4885 d20f | 8513 0000 | 0048 8bd6 

  0x000001adf65b7b14: ;   {static_call}
  0x000001adf65b7b14: 6666 90e8 

  0x000001adf65b7b18: ; ImmutableOopMap {[64]=Oop }
                      ;*invokestatic maybeCustomize {reexecute=0 rethrow=0 return_oop=0}
                      ; - java.lang.invoke.Invokers::checkCustomized@19 (line 627)
                      ; - java.lang.invoke.Invokers$Holder::invokeExact_MT@14
  0x000001adf65b7b18: 241e f6ff 

  0x000001adf65b7b1c: ;   {other}
  0x000001adf65b7b1c: 0f1f 8400 | 8c02 0000 | 488b 5424 | 4066 0f1f 

  0x000001adf65b7b2c: ;   {optimized virtual_call}
  0x000001adf65b7b2c: 4400 00e8 

  0x000001adf65b7b30: ; ImmutableOopMap {}
                      ;*invokevirtual invokeBasic {reexecute=0 rethrow=0 return_oop=0}
                      ; - java.lang.invoke.Invokers$Holder::invokeExact_MT@18
  0x000001adf65b7b30: 4c52 ddff 

  0x000001adf65b7b34: ;   {other}
  0x000001adf65b7b34: 0f1f 8400 | a402 0001 | 4883 c450 

  0x000001adf65b7b40: ;   {poll_return}
  0x000001adf65b7b40: 5d49 3ba7 | 5004 0000 | 0f87 3a00 | 0000 c348 | 8bd3 4c8b 

  0x000001adf65b7b54: ;   {static_call}
  0x000001adf65b7b54: c766 90e8 

  0x000001adf65b7b58: ; ImmutableOopMap {[64]=Oop }
                      ;*invokestatic newWrongMethodTypeException {reexecute=0 rethrow=0 return_oop=0}
                      ; - java.lang.invoke.Invokers::checkExactType@12 (line 531)
                      ; - java.lang.invoke.Invokers$Holder::invokeExact_MT@10
  0x000001adf65b7b58: 2475 cfff 

  0x000001adf65b7b5c: ;   {other}
  0x000001adf65b7b5c: 0f1f 8400 | cc02 0002 

  0x000001adf65b7b64: ; implicit exception: dispatches to 0x000001adf65b7b9e
  0x000001adf65b7b64: 483b 00e9 | 5400 0000 | 4889 1424 

  0x000001adf65b7b70: ;   {runtime_call throw_class_cast_exception Runtime1 stub}
  0x000001adf65b7b70: e80b c8da 

  0x000001adf65b7b74: ; ImmutableOopMap {r8=Oop }
                      ;*checkcast {reexecute=0 rethrow=0 return_oop=0}
                      ; - java.lang.invoke.Invokers$Holder::invokeExact_MT@1
  0x000001adf65b7b74: ff4c 8904 

  0x000001adf65b7b78: ;   {runtime_call throw_class_cast_exception Runtime1 stub}
  0x000001adf65b7b78: 24e8 02c8 

  0x000001adf65b7b7c: ; ImmutableOopMap {rsi=Oop [64]=Oop }
                      ;*checkcast {reexecute=0 rethrow=0 return_oop=0}
                      ; - java.lang.invoke.Invokers$Holder::invokeExact_MT@7
                      ;   {runtime_call throw_null_pointer_exception Runtime1 stub}
  0x000001adf65b7b7c: daff e87d 

  0x000001adf65b7b80: ; ImmutableOopMap {rsi=Oop rdi=Oop [64]=Oop }
                      ;*invokevirtual type {reexecute=0 rethrow=0 return_oop=0}
                      ; - java.lang.invoke.Invokers::checkExactType@1 (line 529)
                      ; - java.lang.invoke.Invokers$Holder::invokeExact_MT@10
                      ;   {runtime_call throw_null_pointer_exception Runtime1 stub}
  0x000001adf65b7b80: 8dda ffe8 

  0x000001adf65b7b84: ; ImmutableOopMap {rsi=Oop [64]=Oop }
                      ;*getfield customized {reexecute=1 rethrow=0 return_oop=0}
                      ; - (reexecute) java.lang.invoke.Invokers::checkCustomized@12 (line 626)
                      ; - java.lang.invoke.Invokers$Holder::invokeExact_MT@14
  0x000001adf65b7b84: 788d daff 

  0x000001adf65b7b88: ;   {internal_word}
  0x000001adf65b7b88: 49ba 417b | 5bf6 ad01 | 0000 4d89 | 9768 0400 

  0x000001adf65b7b98: ;   {runtime_call SafepointBlob}
  0x000001adf65b7b98: 00e9 62db 

  0x000001adf65b7b9c: ;   {runtime_call throw_null_pointer_exception Runtime1 stub}
  0x000001adf65b7b9c: cfff e85d 

  0x000001adf65b7ba0: ; ImmutableOopMap {rax=Oop [64]=Oop }
                      ;*athrow {reexecute=1 rethrow=0 return_oop=0}
                      ; - (reexecute) java.lang.invoke.Invokers::checkExactType@15 (line 531)
                      ; - java.lang.invoke.Invokers$Holder::invokeExact_MT@10
  0x000001adf65b7ba0: 8dda ff49 | 8b87 0005 | 0000 49c7 | 8700 0500 | 0000 0000 | 0049 c787 | 0805 0000 | 0000 0000 
  0x000001adf65b7bc0: 4883 c450 

  0x000001adf65b7bc4: ;   {runtime_call unwind_exception Runtime1 stub}
  0x000001adf65b7bc4: 5de9 367e | daff f4f4 | f4f4 f4f4 
[Stub Code]
  0x000001adf65b7bd0: ;   {no_reloc}
  0x000001adf65b7bd0: 48bb 0000 | 0000 0000 

  0x000001adf65b7bd8: ;   {runtime_call}
  0x000001adf65b7bd8: 0000 e9fb 

  0x000001adf65b7bdc: ;   {static_stub}
  0x000001adf65b7bdc: ffff ff48 | bb00 0000 | 0000 0000 

  0x000001adf65b7be8: ;   {runtime_call}
  0x000001adf65b7be8: 00e9 fbff 

  0x000001adf65b7bec: ;   {static_stub}
  0x000001adf65b7bec: ffff 48bb | 0000 0000 | 0000 0000 

  0x000001adf65b7bf8: ;   {runtime_call}
  0x000001adf65b7bf8: e9fb ffff 

  0x000001adf65b7bfc: ;   {runtime_call handle_exception_from_callee Runtime1 stub}
  0x000001adf65b7bfc: ffe8 febc 

  0x000001adf65b7c00: ;   {external_word}
  0x000001adf65b7c00: daff 48b9 | e047 65bf | ff7f 0000 | 4883 e4f0 

  0x000001adf65b7c10: ;   {runtime_call}
  0x000001adf65b7c10: 48b8 4024 | 2dbf ff7f | 0000 ffd0 

  0x000001adf65b7c1c: ;   {section_word}
  0x000001adf65b7c1c: f449 ba1d | 7c5b f6ad | 0100 0041 

  0x000001adf65b7c28: ;   {runtime_call DeoptimizationBlob}
  0x000001adf65b7c28: 52e9 72cd 

  0x000001adf65b7c2c: ;   {section_word}
  0x000001adf65b7c2c: cfff 49ba | 2e7c 5bf6 | ad01 0000 

  0x000001adf65b7c38: ;   {runtime_call DeoptimizationBlob}
  0x000001adf65b7c38: 4152 e961 | cdcf fff4 
[/MachCode]


---------------  P R O C E S S  ---------------

Threads class SMR info:
_java_thread_list=0x000001adcb901b10, length=17, elements={
0x000001adebafef80, 0x000001adfd738130, 0x000001adfd739260, 0x000001adfd73d660,
0x000001adfd73f640, 0x000001adfd7490c0, 0x000001adfd76dab0, 0x000001adfd76e510,
0x000001adcb21eca0, 0x000001adcb221da0, 0x000001adcb52a980, 0x000001adcb6f0f50,
0x000001adcb7de880, 0x000001adcb7e2220, 0x000001adcb9196b0, 0x000001adcbcced30,
0x000001adcbccf7a0
}

Java Threads: ( => current thread )
  0x000001adebafef80 JavaThread "main"                              [_thread_blocked, id=43976, stack(0x0000001c54b00000,0x0000001c54c00000) (1024K)]
  0x000001adfd738130 JavaThread "Reference Handler"          daemon [_thread_blocked, id=27904, stack(0x0000001c55300000,0x0000001c55400000) (1024K)]
  0x000001adfd739260 JavaThread "Finalizer"                  daemon [_thread_blocked, id=43484, stack(0x0000001c55400000,0x0000001c55500000) (1024K)]
  0x000001adfd73d660 JavaThread "Signal Dispatcher"          daemon [_thread_blocked, id=43520, stack(0x0000001c55500000,0x0000001c55600000) (1024K)]
=>0x000001adfd73f640 JavaThread "Attach Listener"            daemon [_thread_in_vm, id=26280, stack(0x0000001c55600000,0x0000001c55700000) (1024K)]
  0x000001adfd7490c0 JavaThread "Service Thread"             daemon [_thread_blocked, id=29084, stack(0x0000001c55700000,0x0000001c55800000) (1024K)]
  0x000001adfd76dab0 JavaThread "Monitor Deflation Thread"   daemon [_thread_blocked, id=30044, stack(0x0000001c55800000,0x0000001c55900000) (1024K)]
  0x000001adfd76e510 JavaThread "C1 CompilerThread0"         daemon [_thread_blocked, id=43088, stack(0x0000001c55900000,0x0000001c55a00000) (1024K)]
  0x000001adcb21eca0 JavaThread "Common-Cleaner"             daemon [_thread_blocked, id=36952, stack(0x0000001c55a00000,0x0000001c55b00000) (1024K)]
  0x000001adcb221da0 JavaThread "C1 CompilerThread1"         daemon [_thread_blocked, id=12212, stack(0x0000001c55b00000,0x0000001c55c00000) (1024K)]
  0x000001adcb52a980 JavaThread "Monitor Ctrl-Break"         daemon [_thread_in_native, id=40944, stack(0x0000001c55c00000,0x0000001c55d00000) (1024K)]
  0x000001adcb6f0f50 JavaThread "Notification Thread"        daemon [_thread_blocked, id=35588, stack(0x0000001c55d00000,0x0000001c55e00000) (1024K)]
  0x000001adcb7de880 JavaThread "C1 CompilerThread2"         daemon [_thread_blocked, id=43316, stack(0x0000001c55e00000,0x0000001c55f00000) (1024K)]
  0x000001adcb7e2220 JavaThread "C1 CompilerThread3"         daemon [_thread_blocked, id=30624, stack(0x0000001c55f00000,0x0000001c56000000) (1024K)]
  0x000001adcb9196b0 JavaThread "RMI TCP Accept-0"           daemon [_thread_in_native, id=43276, stack(0x0000001c56000000,0x0000001c56100000) (1024K)]
  0x000001adcbcced30 JavaThread "Thread-0"                          [_thread_blocked, id=43544, stack(0x0000001c56900000,0x0000001c56a00000) (1024K)]
  0x000001adcbccf7a0 JavaThread "restartedMain"                     [_thread_in_vm, id=43540, stack(0x0000001c56a00000,0x0000001c56b00000) (1024K)]
Total: 17

Other Threads:
  0x000001adfd71a700 VMThread "VM Thread"                           [id=16016, stack(0x0000001c55200000,0x0000001c55300000) (1024K)]
  0x000001adfd7025b0 WatcherThread "VM Periodic Task Thread"        [id=43328, stack(0x0000001c55100000,0x0000001c55200000) (1024K)]
  0x000001adede9d940 WorkerThread "GC Thread#0"                     [id=25952, stack(0x0000001c54c00000,0x0000001c54d00000) (1024K)]
  0x000001adcb9b0a30 WorkerThread "GC Thread#1"                     [id=43236, stack(0x0000001c56100000,0x0000001c56200000) (1024K)]
  0x000001adcb9b0dd0 WorkerThread "GC Thread#2"                     [id=43292, stack(0x0000001c56200000,0x0000001c56300000) (1024K)]
  0x000001adcb9c2250 WorkerThread "GC Thread#3"                     [id=1684, stack(0x0000001c56300000,0x0000001c56400000) (1024K)]
  0x000001adcb9c25f0 WorkerThread "GC Thread#4"                     [id=35528, stack(0x0000001c56400000,0x0000001c56500000) (1024K)]
  0x000001adcb9c2990 WorkerThread "GC Thread#5"                     [id=19044, stack(0x0000001c56500000,0x0000001c56600000) (1024K)]
  0x000001adcb9c2d30 WorkerThread "GC Thread#6"                     [id=35292, stack(0x0000001c56600000,0x0000001c56700000) (1024K)]
  0x000001adcb9c30d0 WorkerThread "GC Thread#7"                     [id=35508, stack(0x0000001c56700000,0x0000001c56800000) (1024K)]
  0x000001adcb9c38f0 WorkerThread "GC Thread#8"                     [id=43448, stack(0x0000001c56800000,0x0000001c56900000) (1024K)]
  0x000001adedeaa680 ConcurrentGCThread "G1 Main Marker"            [id=1352, stack(0x0000001c54d00000,0x0000001c54e00000) (1024K)]
  0x000001adedeab090 WorkerThread "G1 Conc#0"                       [id=43020, stack(0x0000001c54e00000,0x0000001c54f00000) (1024K)]
  0x000001adfd5d83d0 ConcurrentGCThread "G1 Refine#0"               [id=11012, stack(0x0000001c54f00000,0x0000001c55000000) (1024K)]
  0x000001adfd5d8e50 ConcurrentGCThread "G1 Service"                [id=34880, stack(0x0000001c55000000,0x0000001c55100000) (1024K)]
Total: 15

Threads with active compile tasks:
Total: 0

VM state: not at safepoint (normal execution)

VM Mutex/Monitor currently owned by a thread:  ([mutex/lock_event])
[0x00007fffbf8eace8] Metaspace_lock - owner thread: 0x000001adfd73f640

Heap address: 0x0000000683400000, size: 6092 MB, Compressed Oops mode: Zero based, Oop shift amount: 3

CDS archive(s) mapped at: [0x000001ad86000000-0x000001ad86c90000-0x000001ad86c90000), size 13172736, SharedBaseAddress: 0x000001ad86000000, ArchiveRelocationMode: 1.
Compressed class space mapped at: 0x000001ad87000000-0x000001adc7000000, reserved size: 1073741824
Narrow klass base: 0x000001ad86000000, Narrow klass shift: 0, Narrow klass range: 0x100000000

GC Precious Log:
 CardTable entry size: 512
 Card Set container configuration: InlinePtr #cards 4 size 8 Array Of Cards #cards 32 size 80 Howl #buckets 8 coarsen threshold 7372 Howl Bitmap #cards 1024 size 144 coarsen threshold 921 Card regions per heap region 1 cards per card region 8192
 CPUs: 12 total, 12 available
 Memory: 24367M
 Large Page Support: Disabled
 NUMA Support: Disabled
 Compressed Oops: Enabled (Zero based)
 Heap Region Size: 4M
 Heap Min Capacity: 8M
 Heap Initial Capacity: 384M
 Heap Max Capacity: 6092M
 Pre-touch: Disabled
 Parallel Workers: 10
 Concurrent Workers: 3
 Concurrent Refinement Workers: 10
 Periodic GC: Disabled

Heap:
 garbage-first heap   total 393216K, used 12386K [0x0000000683400000, 0x0000000800000000)
  region size 4096K, 3 young (12288K), 1 survivors (4096K)
 Metaspace       used 10341K, committed 10560K, reserved 1114112K
  class space    used 1353K, committed 1472K, reserved 1048576K

Heap Regions: E=young(eden), S=young(survivor), O=old, HS=humongous(starts), HC=humongous(continues), CS=collection set, F=free, TAMS=top-at-mark-start, PB=parsable bottom
|   0|0x0000000683400000, 0x0000000683800000, 0x0000000683800000|100%| O|  |TAMS 0x0000000683400000| PB 0x0000000683400000| Untracked 
|   1|0x0000000683800000, 0x0000000683aae4b0, 0x0000000683c00000| 67%| O|  |TAMS 0x0000000683800000| PB 0x0000000683800000| Untracked 
|   2|0x0000000683c00000, 0x0000000683c00000, 0x0000000684000000|  0%| F|  |TAMS 0x0000000683c00000| PB 0x0000000683c00000| Untracked 
|   3|0x0000000684000000, 0x0000000684000000, 0x0000000684400000|  0%| F|  |TAMS 0x0000000684000000| PB 0x0000000684000000| Untracked 
|   4|0x0000000684400000, 0x0000000684400000, 0x0000000684800000|  0%| F|  |TAMS 0x0000000684400000| PB 0x0000000684400000| Untracked 
|   5|0x0000000684800000, 0x0000000684800000, 0x0000000684c00000|  0%| F|  |TAMS 0x0000000684800000| PB 0x0000000684800000| Untracked 
|   6|0x0000000684c00000, 0x0000000684c00000, 0x0000000685000000|  0%| F|  |TAMS 0x0000000684c00000| PB 0x0000000684c00000| Untracked 
|   7|0x0000000685000000, 0x0000000685000000, 0x0000000685400000|  0%| F|  |TAMS 0x0000000685000000| PB 0x0000000685000000| Untracked 
|   8|0x0000000685400000, 0x0000000685400000, 0x0000000685800000|  0%| F|  |TAMS 0x0000000685400000| PB 0x0000000685400000| Untracked 
|   9|0x0000000685800000, 0x0000000685800000, 0x0000000685c00000|  0%| F|  |TAMS 0x0000000685800000| PB 0x0000000685800000| Untracked 
|  10|0x0000000685c00000, 0x0000000685c00000, 0x0000000686000000|  0%| F|  |TAMS 0x0000000685c00000| PB 0x0000000685c00000| Untracked 
|  11|0x0000000686000000, 0x0000000686000000, 0x0000000686400000|  0%| F|  |TAMS 0x0000000686000000| PB 0x0000000686000000| Untracked 
|  12|0x0000000686400000, 0x0000000686400000, 0x0000000686800000|  0%| F|  |TAMS 0x0000000686400000| PB 0x0000000686400000| Untracked 
|  13|0x0000000686800000, 0x0000000686800000, 0x0000000686c00000|  0%| F|  |TAMS 0x0000000686800000| PB 0x0000000686800000| Untracked 
|  14|0x0000000686c00000, 0x0000000686c00000, 0x0000000687000000|  0%| F|  |TAMS 0x0000000686c00000| PB 0x0000000686c00000| Untracked 
|  15|0x0000000687000000, 0x0000000687000000, 0x0000000687400000|  0%| F|  |TAMS 0x0000000687000000| PB 0x0000000687000000| Untracked 
|  16|0x0000000687400000, 0x0000000687400000, 0x0000000687800000|  0%| F|  |TAMS 0x0000000687400000| PB 0x0000000687400000| Untracked 
|  17|0x0000000687800000, 0x0000000687800000, 0x0000000687c00000|  0%| F|  |TAMS 0x0000000687800000| PB 0x0000000687800000| Untracked 
|  18|0x0000000687c00000, 0x0000000687c00000, 0x0000000688000000|  0%| F|  |TAMS 0x0000000687c00000| PB 0x0000000687c00000| Untracked 
|  19|0x0000000688000000, 0x0000000688000000, 0x0000000688400000|  0%| F|  |TAMS 0x0000000688000000| PB 0x0000000688000000| Untracked 
|  20|0x0000000688400000, 0x0000000688400000, 0x0000000688800000|  0%| F|  |TAMS 0x0000000688400000| PB 0x0000000688400000| Untracked 
|  21|0x0000000688800000, 0x0000000688800000, 0x0000000688c00000|  0%| F|  |TAMS 0x0000000688800000| PB 0x0000000688800000| Untracked 
|  22|0x0000000688c00000, 0x0000000688c00000, 0x0000000689000000|  0%| F|  |TAMS 0x0000000688c00000| PB 0x0000000688c00000| Untracked 
|  23|0x0000000689000000, 0x0000000689000000, 0x0000000689400000|  0%| F|  |TAMS 0x0000000689000000| PB 0x0000000689000000| Untracked 
|  24|0x0000000689400000, 0x0000000689400000, 0x0000000689800000|  0%| F|  |TAMS 0x0000000689400000| PB 0x0000000689400000| Untracked 
|  25|0x0000000689800000, 0x0000000689800000, 0x0000000689c00000|  0%| F|  |TAMS 0x0000000689800000| PB 0x0000000689800000| Untracked 
|  26|0x0000000689c00000, 0x0000000689c00000, 0x000000068a000000|  0%| F|  |TAMS 0x0000000689c00000| PB 0x0000000689c00000| Untracked 
|  27|0x000000068a000000, 0x000000068a000000, 0x000000068a400000|  0%| F|  |TAMS 0x000000068a000000| PB 0x000000068a000000| Untracked 
|  28|0x000000068a400000, 0x000000068a400000, 0x000000068a800000|  0%| F|  |TAMS 0x000000068a400000| PB 0x000000068a400000| Untracked 
|  29|0x000000068a800000, 0x000000068a800000, 0x000000068ac00000|  0%| F|  |TAMS 0x000000068a800000| PB 0x000000068a800000| Untracked 
|  30|0x000000068ac00000, 0x000000068ac00000, 0x000000068b000000|  0%| F|  |TAMS 0x000000068ac00000| PB 0x000000068ac00000| Untracked 
|  31|0x000000068b000000, 0x000000068b000000, 0x000000068b400000|  0%| F|  |TAMS 0x000000068b000000| PB 0x000000068b000000| Untracked 
|  32|0x000000068b400000, 0x000000068b400000, 0x000000068b800000|  0%| F|  |TAMS 0x000000068b400000| PB 0x000000068b400000| Untracked 
|  33|0x000000068b800000, 0x000000068b800000, 0x000000068bc00000|  0%| F|  |TAMS 0x000000068b800000| PB 0x000000068b800000| Untracked 
|  34|0x000000068bc00000, 0x000000068bc00000, 0x000000068c000000|  0%| F|  |TAMS 0x000000068bc00000| PB 0x000000068bc00000| Untracked 
|  35|0x000000068c000000, 0x000000068c000000, 0x000000068c400000|  0%| F|  |TAMS 0x000000068c000000| PB 0x000000068c000000| Untracked 
|  36|0x000000068c400000, 0x000000068c400000, 0x000000068c800000|  0%| F|  |TAMS 0x000000068c400000| PB 0x000000068c400000| Untracked 
|  37|0x000000068c800000, 0x000000068c800000, 0x000000068cc00000|  0%| F|  |TAMS 0x000000068c800000| PB 0x000000068c800000| Untracked 
|  38|0x000000068cc00000, 0x000000068cc00000, 0x000000068d000000|  0%| F|  |TAMS 0x000000068cc00000| PB 0x000000068cc00000| Untracked 
|  39|0x000000068d000000, 0x000000068d000000, 0x000000068d400000|  0%| F|  |TAMS 0x000000068d000000| PB 0x000000068d000000| Untracked 
|  40|0x000000068d400000, 0x000000068d400000, 0x000000068d800000|  0%| F|  |TAMS 0x000000068d400000| PB 0x000000068d400000| Untracked 
|  41|0x000000068d800000, 0x000000068d800000, 0x000000068dc00000|  0%| F|  |TAMS 0x000000068d800000| PB 0x000000068d800000| Untracked 
|  42|0x000000068dc00000, 0x000000068dc00000, 0x000000068e000000|  0%| F|  |TAMS 0x000000068dc00000| PB 0x000000068dc00000| Untracked 
|  43|0x000000068e000000, 0x000000068e000000, 0x000000068e400000|  0%| F|  |TAMS 0x000000068e000000| PB 0x000000068e000000| Untracked 
|  44|0x000000068e400000, 0x000000068e400000, 0x000000068e800000|  0%| F|  |TAMS 0x000000068e400000| PB 0x000000068e400000| Untracked 
|  45|0x000000068e800000, 0x000000068e800000, 0x000000068ec00000|  0%| F|  |TAMS 0x000000068e800000| PB 0x000000068e800000| Untracked 
|  46|0x000000068ec00000, 0x000000068ec00000, 0x000000068f000000|  0%| F|  |TAMS 0x000000068ec00000| PB 0x000000068ec00000| Untracked 
|  47|0x000000068f000000, 0x000000068f000000, 0x000000068f400000|  0%| F|  |TAMS 0x000000068f000000| PB 0x000000068f000000| Untracked 
|  48|0x000000068f400000, 0x000000068f400000, 0x000000068f800000|  0%| F|  |TAMS 0x000000068f400000| PB 0x000000068f400000| Untracked 
|  49|0x000000068f800000, 0x000000068f800000, 0x000000068fc00000|  0%| F|  |TAMS 0x000000068f800000| PB 0x000000068f800000| Untracked 
|  50|0x000000068fc00000, 0x000000068fc00000, 0x0000000690000000|  0%| F|  |TAMS 0x000000068fc00000| PB 0x000000068fc00000| Untracked 
|  51|0x0000000690000000, 0x0000000690000000, 0x0000000690400000|  0%| F|  |TAMS 0x0000000690000000| PB 0x0000000690000000| Untracked 
|  52|0x0000000690400000, 0x0000000690400000, 0x0000000690800000|  0%| F|  |TAMS 0x0000000690400000| PB 0x0000000690400000| Untracked 
|  53|0x0000000690800000, 0x0000000690800000, 0x0000000690c00000|  0%| F|  |TAMS 0x0000000690800000| PB 0x0000000690800000| Untracked 
|  54|0x0000000690c00000, 0x0000000690c00000, 0x0000000691000000|  0%| F|  |TAMS 0x0000000690c00000| PB 0x0000000690c00000| Untracked 
|  55|0x0000000691000000, 0x0000000691000000, 0x0000000691400000|  0%| F|  |TAMS 0x0000000691000000| PB 0x0000000691000000| Untracked 
|  56|0x0000000691400000, 0x0000000691400000, 0x0000000691800000|  0%| F|  |TAMS 0x0000000691400000| PB 0x0000000691400000| Untracked 
|  57|0x0000000691800000, 0x0000000691800000, 0x0000000691c00000|  0%| F|  |TAMS 0x0000000691800000| PB 0x0000000691800000| Untracked 
|  58|0x0000000691c00000, 0x0000000691c00000, 0x0000000692000000|  0%| F|  |TAMS 0x0000000691c00000| PB 0x0000000691c00000| Untracked 
|  59|0x0000000692000000, 0x0000000692000000, 0x0000000692400000|  0%| F|  |TAMS 0x0000000692000000| PB 0x0000000692000000| Untracked 
|  60|0x0000000692400000, 0x0000000692400000, 0x0000000692800000|  0%| F|  |TAMS 0x0000000692400000| PB 0x0000000692400000| Untracked 
|  61|0x0000000692800000, 0x0000000692800000, 0x0000000692c00000|  0%| F|  |TAMS 0x0000000692800000| PB 0x0000000692800000| Untracked 
|  62|0x0000000692c00000, 0x0000000692c00000, 0x0000000693000000|  0%| F|  |TAMS 0x0000000692c00000| PB 0x0000000692c00000| Untracked 
|  63|0x0000000693000000, 0x0000000693000000, 0x0000000693400000|  0%| F|  |TAMS 0x0000000693000000| PB 0x0000000693000000| Untracked 
|  64|0x0000000693400000, 0x0000000693400000, 0x0000000693800000|  0%| F|  |TAMS 0x0000000693400000| PB 0x0000000693400000| Untracked 
|  65|0x0000000693800000, 0x0000000693800000, 0x0000000693c00000|  0%| F|  |TAMS 0x0000000693800000| PB 0x0000000693800000| Untracked 
|  66|0x0000000693c00000, 0x0000000693c00000, 0x0000000694000000|  0%| F|  |TAMS 0x0000000693c00000| PB 0x0000000693c00000| Untracked 
|  67|0x0000000694000000, 0x0000000694000000, 0x0000000694400000|  0%| F|  |TAMS 0x0000000694000000| PB 0x0000000694000000| Untracked 
|  68|0x0000000694400000, 0x0000000694400000, 0x0000000694800000|  0%| F|  |TAMS 0x0000000694400000| PB 0x0000000694400000| Untracked 
|  69|0x0000000694800000, 0x0000000694800000, 0x0000000694c00000|  0%| F|  |TAMS 0x0000000694800000| PB 0x0000000694800000| Untracked 
|  70|0x0000000694c00000, 0x0000000694c00000, 0x0000000695000000|  0%| F|  |TAMS 0x0000000694c00000| PB 0x0000000694c00000| Untracked 
|  71|0x0000000695000000, 0x0000000695000000, 0x0000000695400000|  0%| F|  |TAMS 0x0000000695000000| PB 0x0000000695000000| Untracked 
|  72|0x0000000695400000, 0x0000000695400000, 0x0000000695800000|  0%| F|  |TAMS 0x0000000695400000| PB 0x0000000695400000| Untracked 
|  73|0x0000000695800000, 0x0000000695800000, 0x0000000695c00000|  0%| F|  |TAMS 0x0000000695800000| PB 0x0000000695800000| Untracked 
|  74|0x0000000695c00000, 0x0000000695c00000, 0x0000000696000000|  0%| F|  |TAMS 0x0000000695c00000| PB 0x0000000695c00000| Untracked 
|  75|0x0000000696000000, 0x0000000696000000, 0x0000000696400000|  0%| F|  |TAMS 0x0000000696000000| PB 0x0000000696000000| Untracked 
|  76|0x0000000696400000, 0x0000000696400000, 0x0000000696800000|  0%| F|  |TAMS 0x0000000696400000| PB 0x0000000696400000| Untracked 
|  77|0x0000000696800000, 0x0000000696800000, 0x0000000696c00000|  0%| F|  |TAMS 0x0000000696800000| PB 0x0000000696800000| Untracked 
|  78|0x0000000696c00000, 0x0000000696c00000, 0x0000000697000000|  0%| F|  |TAMS 0x0000000696c00000| PB 0x0000000696c00000| Untracked 
|  79|0x0000000697000000, 0x0000000697000000, 0x0000000697400000|  0%| F|  |TAMS 0x0000000697000000| PB 0x0000000697000000| Untracked 
|  80|0x0000000697400000, 0x0000000697400000, 0x0000000697800000|  0%| F|  |TAMS 0x0000000697400000| PB 0x0000000697400000| Untracked 
|  81|0x0000000697800000, 0x0000000697800000, 0x0000000697c00000|  0%| F|  |TAMS 0x0000000697800000| PB 0x0000000697800000| Untracked 
|  82|0x0000000697c00000, 0x0000000697c00000, 0x0000000698000000|  0%| F|  |TAMS 0x0000000697c00000| PB 0x0000000697c00000| Untracked 
|  83|0x0000000698000000, 0x0000000698000000, 0x0000000698400000|  0%| F|  |TAMS 0x0000000698000000| PB 0x0000000698000000| Untracked 
|  84|0x0000000698400000, 0x0000000698400000, 0x0000000698800000|  0%| F|  |TAMS 0x0000000698400000| PB 0x0000000698400000| Untracked 
|  85|0x0000000698800000, 0x0000000698800000, 0x0000000698c00000|  0%| F|  |TAMS 0x0000000698800000| PB 0x0000000698800000| Untracked 
|  86|0x0000000698c00000, 0x0000000698c00000, 0x0000000699000000|  0%| F|  |TAMS 0x0000000698c00000| PB 0x0000000698c00000| Untracked 
|  87|0x0000000699000000, 0x0000000699000000, 0x0000000699400000|  0%| F|  |TAMS 0x0000000699000000| PB 0x0000000699000000| Untracked 
|  88|0x0000000699400000, 0x0000000699400000, 0x0000000699800000|  0%| F|  |TAMS 0x0000000699400000| PB 0x0000000699400000| Untracked 
|  89|0x0000000699800000, 0x0000000699800000, 0x0000000699c00000|  0%| F|  |TAMS 0x0000000699800000| PB 0x0000000699800000| Untracked 
|  90|0x0000000699c00000, 0x0000000699c00000, 0x000000069a000000|  0%| F|  |TAMS 0x0000000699c00000| PB 0x0000000699c00000| Untracked 
|  91|0x000000069a000000, 0x000000069a16a510, 0x000000069a400000| 35%| S|CS|TAMS 0x000000069a000000| PB 0x000000069a000000| Complete 
|  92|0x000000069a400000, 0x000000069a400000, 0x000000069a800000|  0%| F|  |TAMS 0x000000069a400000| PB 0x000000069a400000| Untracked 
|  93|0x000000069a800000, 0x000000069a800000, 0x000000069ac00000|  0%| F|  |TAMS 0x000000069a800000| PB 0x000000069a800000| Untracked 
|  94|0x000000069ac00000, 0x000000069af85c48, 0x000000069b000000| 88%| E|  |TAMS 0x000000069ac00000| PB 0x000000069ac00000| Complete 
|  95|0x000000069b000000, 0x000000069b400000, 0x000000069b400000|100%| E|CS|TAMS 0x000000069b000000| PB 0x000000069b000000| Complete 

Card table byte_map: [0x000001adfa190000,0x000001adfad80000] _byte_map_base: 0x000001adf6d76000

Marking Bits: (CMBitMap*) 0x000001adede9df50
 Bits: [0x000001ad80000000, 0x000001ad85f30000)

Polling page: 0x000001adebe10000

Metaspace:

Usage:
  Non-class:      8.78 MB used.
      Class:      1.32 MB used.
       Both:     10.10 MB used.

Virtual space:
  Non-class space:       64.00 MB reserved,       8.88 MB ( 14%) committed,  1 nodes.
      Class space:        1.00 GB reserved,       1.44 MB ( <1%) committed,  1 nodes.
             Both:        1.06 GB reserved,      10.31 MB ( <1%) committed. 

Chunk freelists:
   Non-Class:  7.06 MB
       Class:  14.60 MB
        Both:  21.66 MB

MaxMetaspaceSize: unlimited
CompressedClassSpaceSize: 1.00 GB
Initial GC threshold: 21.00 MB
Current GC threshold: 21.00 MB
CDS: on
 - commit_granule_bytes: 65536.
 - commit_granule_words: 8192.
 - virtual_space_node_default_size: 8388608.
 - enlarge_chunks_in_place: 1.
 - use_allocation_guard: 0.


Internal statistics:

num_allocs_failed_limit: 0.
num_arena_births: 278.
num_arena_deaths: 0.
num_vsnodes_births: 2.
num_vsnodes_deaths: 0.
num_space_committed: 165.
num_space_uncommitted: 0.
num_chunks_returned_to_freelist: 0.
num_chunks_taken_from_freelist: 513.
num_chunk_merges: 0.
num_chunk_splits: 325.
num_chunks_enlarged: 216.
num_inconsistent_stats: 0.

CodeCache: size=49152Kb used=5965Kb max_used=5965Kb free=43186Kb
 bounds [0x000001adf6260000, 0x000001adf6840000, 0x000001adf9260000]
 total_blobs=2477 nmethods=1990 adapters=408
 compilation: enabled
              stopped_count=0, restarted_count=0
 full_count=0

Compilation events (20 events):
Event: 1.066 Thread 0x000001adfd76e510 1980       1       java.lang.invoke.MethodHandle::keepsAlive (49 bytes)
Event: 1.066 Thread 0x000001adfd76e510 nmethod 1980 0x000001adf682fb10 code [0x000001adf682fce0, 0x000001adf682ff80]
Event: 1.067 Thread 0x000001adfd76e510 1981       1       jdk.internal.misc.VM::isModuleSystemInited (13 bytes)
Event: 1.067 Thread 0x000001adcb7e2220 1982       1       java.util.Collections$UnmodifiableCollection::iterator (9 bytes)
Event: 1.067 Thread 0x000001adcb7de880 1983       1       java.util.Collections$UnmodifiableCollection$1::<init> (26 bytes)
Event: 1.067 Thread 0x000001adfd76e510 nmethod 1981 0x000001adf6830110 code [0x000001adf68302a0, 0x000001adf6830368]
Event: 1.067 Thread 0x000001adcb7e2220 nmethod 1982 0x000001adf6830410 code [0x000001adf68305c0, 0x000001adf68307e8]
Event: 1.067 Thread 0x000001adcb7de880 nmethod 1983 0x000001adf6830890 code [0x000001adf6830a40, 0x000001adf6830c08]
Event: 1.067 Thread 0x000001adcb7de880 1984       1       org.springframework.boot.context.properties.source.ConfigurationPropertyName::adapt (53 bytes)
Event: 1.067 Thread 0x000001adcb221da0 1985       1       org.springframework.boot.context.properties.source.SpringConfigurationPropertySources$SourcesIterator::fetchNext (139 bytes)
Event: 1.067 Thread 0x000001adcb7e2220 1986       1       java.util.concurrent.CopyOnWriteArrayList$COWIterator::next (32 bytes)
Event: 1.067 Thread 0x000001adfd76e510 1987       1       java.util.concurrent.ConcurrentHashMap$Traverser::<init> (36 bytes)
Event: 1.067 Thread 0x000001adcb7de880 nmethod 1984 0x000001adf6830d10 code [0x000001adf6830f00, 0x000001adf68313b0]
Event: 1.067 Thread 0x000001adfd76e510 nmethod 1987 0x000001adf6831590 code [0x000001adf6831720, 0x000001adf6831878]
Event: 1.067 Thread 0x000001adcb7e2220 nmethod 1986 0x000001adf6831910 code [0x000001adf6831ac0, 0x000001adf6831c80]
Event: 1.068 Thread 0x000001adcb221da0 nmethod 1985 0x000001adf6831d90 code [0x000001adf6832040, 0x000001adf68327a0]
Event: 1.068 Thread 0x000001adcb221da0 1988       1       org.springframework.boot.context.properties.source.ConfigurationPropertyName$Elements::newResolved (32 bytes)
Event: 1.068 Thread 0x000001adcb221da0 nmethod 1988 0x000001adf6832a90 code [0x000001adf6832c40, 0x000001adf6832e60]
Event: 1.082 Thread 0x000001adcb7de880 1990       1       sun.util.locale.LocaleUtils::isUpper (18 bytes)
Event: 1.082 Thread 0x000001adcb7de880 nmethod 1990 0x000001adf6833210 code [0x000001adf68333a0, 0x000001adf6833468]

GC Heap History (4 events):
Event: 0.611 GC heap before
{Heap before GC invocations=0 (full 0):
 garbage-first heap   total 393216K, used 16384K [0x0000000683400000, 0x0000000800000000)
  region size 4096K, 5 young (20480K), 0 survivors (0K)
 Metaspace       used 6037K, committed 6272K, reserved 1114112K
  class space    used 703K, committed 832K, reserved 1048576K
}
Event: 0.615 GC heap after
{Heap after GC invocations=1 (full 0):
 garbage-first heap   total 393216K, used 6695K [0x0000000683400000, 0x0000000800000000)
  region size 4096K, 1 young (4096K), 1 survivors (4096K)
 Metaspace       used 6037K, committed 6272K, reserved 1114112K
  class space    used 703K, committed 832K, reserved 1048576K
}
Event: 0.925 GC heap before
{Heap before GC invocations=1 (full 0):
 garbage-first heap   total 393216K, used 23079K [0x0000000683400000, 0x0000000800000000)
  region size 4096K, 5 young (20480K), 1 survivors (4096K)
 Metaspace       used 9171K, committed 9408K, reserved 1114112K
  class space    used 1150K, committed 1280K, reserved 1048576K
}
Event: 0.928 GC heap after
{Heap after GC invocations=2 (full 0):
 garbage-first heap   total 393216K, used 8290K [0x0000000683400000, 0x0000000800000000)
  region size 4096K, 1 young (4096K), 1 survivors (4096K)
 Metaspace       used 9171K, committed 9408K, reserved 1114112K
  class space    used 1150K, committed 1280K, reserved 1048576K
}

Dll operation events (11 events):
Event: 0.008 Loaded shared library C:\Users\busqu\.jdks\openjdk-21.0.2\bin\java.dll
Event: 0.134 Loaded shared library C:\Users\busqu\.jdks\openjdk-21.0.2\bin\zip.dll
Event: 0.138 Loaded shared library C:\Users\busqu\.jdks\openjdk-21.0.2\bin\instrument.dll
Event: 0.143 Loaded shared library C:\Users\busqu\.jdks\openjdk-21.0.2\bin\net.dll
Event: 0.145 Loaded shared library C:\Users\busqu\.jdks\openjdk-21.0.2\bin\nio.dll
Event: 0.149 Loaded shared library C:\Users\busqu\.jdks\openjdk-21.0.2\bin\zip.dll
Event: 0.226 Loaded shared library C:\Program Files\JetBrains\IntelliJ IDEA 2023.2\bin\breakgen64.dll
Event: 0.233 Loaded shared library C:\Users\busqu\.jdks\openjdk-21.0.2\bin\jimage.dll
Event: 0.237 Loaded shared library C:\Users\busqu\.jdks\openjdk-21.0.2\bin\extnet.dll
Event: 0.254 Loaded shared library C:\Users\busqu\.jdks\openjdk-21.0.2\bin\management.dll
Event: 0.269 Loaded shared library C:\Users\busqu\.jdks\openjdk-21.0.2\bin\management_ext.dll

Deoptimization events (0 events):
No events

Classes loaded (20 events):
Event: 1.038 Loading class sun/reflect/generics/scope/ConstructorScope
Event: 1.038 Loading class sun/reflect/generics/scope/ConstructorScope done
Event: 1.071 Loading class java/util/concurrent/ConcurrentLinkedDeque$Itr
Event: 1.071 Loading class java/util/concurrent/ConcurrentLinkedDeque$AbstractItr
Event: 1.079 Loading class java/util/concurrent/ConcurrentLinkedDeque$AbstractItr done
Event: 1.079 Loading class java/util/concurrent/ConcurrentLinkedDeque$Itr done
Event: 1.079 Loading class sun/nio/cs/ISO_8859_1$Encoder
Event: 1.079 Loading class sun/nio/cs/ISO_8859_1$Encoder done
Event: 1.079 Loading class sun/nio/cs/Surrogate$Parser
Event: 1.080 Loading class sun/nio/cs/Surrogate$Parser done
Event: 1.080 Loading class sun/nio/cs/Surrogate
Event: 1.081 Loading class org/xml/sax/InputSource
Event: 1.081 Loading class sun/nio/cs/Surrogate done
Event: 1.081 Loading class org/xml/sax/InputSource done
Event: 1.081 Loading class sun/util/locale/provider/TimeZoneNameUtility
Event: 1.081 Loading class sun/util/locale/provider/TimeZoneNameUtility done
Event: 1.081 Loading class java/nio/file/FileSystemNotFoundException
Event: 1.081 Loading class sun/util/locale/provider/TimeZoneNameUtility$TimeZoneNameGetter
Event: 1.081 Loading class java/nio/file/FileSystemNotFoundException done
Event: 1.081 Loading class sun/util/locale/provider/TimeZoneNameUtility$TimeZoneNameGetter done

Classes unloaded (0 events):
No events

Classes redefined (0 events):
No events

Internal exceptions (20 events):
Event: 0.739 Thread 0x000001adebafef80 Exception <a 'java/lang/NoSuchMethodError'{0x000000069add5eb0}: 'java.lang.Object java.lang.invoke.DirectMethodHandle$Holder.invokeInterface(java.lang.Object, java.lang.Object, java.lang.Object)'> (0x000000069add5eb0) 
thrown [s\open\src\hotspot\share\interpreter\linkResolver.cpp, line 773]
Event: 0.810 Thread 0x000001adcbccf7a0 Exception <a 'java/lang/NoSuchMethodError'{0x000000069ab062c0}: 'int java.lang.invoke.DirectMethodHandle$Holder.invokeStaticInit(java.lang.Object, java.lang.Object, java.lang.Object)'> (0x000000069ab062c0) 
thrown [s\open\src\hotspot\share\interpreter\linkResolver.cpp, line 773]
Event: 0.818 Thread 0x000001adcbccf7a0 Exception <a 'java/lang/NoSuchMethodError'{0x000000069ab62548}: 'java.lang.Object java.lang.invoke.DirectMethodHandle$Holder.newInvokeSpecial(java.lang.Object, java.lang.Object, java.lang.Object, java.lang.Object, java.lang.Object)'> (0x000000069ab62548) 
thrown [s\open\src\hotspot\share\interpreter\linkResolver.cpp, line 773]
Event: 0.832 Thread 0x000001adcbccf7a0 Exception <a 'java/lang/IncompatibleClassChangeError'{0x000000069a41c108}: Found class java.lang.Object, but interface was expected> (0x000000069a41c108) 
thrown [s\open\src\hotspot\share\interpreter\linkResolver.cpp, line 840]
Event: 0.844 Thread 0x000001adcbccf7a0 Exception <a 'sun/nio/fs/WindowsException'{0x000000069a499798}> (0x000000069a499798) 
thrown [s\open\src\hotspot\share\prims\jni.cpp, line 520]
Event: 0.955 Thread 0x000001adcbccf7a0 Exception <a 'java/lang/NoSuchMethodError'{0x000000069b230f38}: 'java.lang.Object java.lang.invoke.DirectMethodHandle$Holder.newInvokeSpecial(java.lang.Object, java.lang.Object, java.lang.Object, java.lang.Object, java.lang.Object, java.lang.Object, java.lang.Object)'> (0x000000069b230f38) 
thrown [s\open\src\hotspot\share\interpreter\linkResolver.cpp, line 773]
Event: 0.957 Thread 0x000001adcbccf7a0 Exception <a 'java/lang/NoSuchMethodError'{0x000000069b24caf8}: 'void java.lang.invoke.DirectMethodHandle$Holder.invokeStaticInit(java.lang.Object, java.lang.Object)'> (0x000000069b24caf8) 
thrown [s\open\src\hotspot\share\interpreter\linkResolver.cpp, line 773]
Event: 0.962 Thread 0x000001adcbccf7a0 Exception <a 'java/lang/NoSuchMethodError'{0x000000069b29a280}: 'int java.lang.invoke.DirectMethodHandle$Holder.invokeStatic(java.lang.Object, java.lang.Object, java.lang.Object, java.lang.Object)'> (0x000000069b29a280) 
thrown [s\open\src\hotspot\share\interpreter\linkResolver.cpp, line 773]
Event: 0.962 Thread 0x000001adcbccf7a0 Exception <a 'java/lang/NoSuchMethodError'{0x000000069b29d900}: 'java.lang.Object java.lang.invoke.Invokers$Holder.invokeExact_MT(java.lang.Object, java.lang.Object, java.lang.Object, java.lang.Object, java.lang.Object, java.lang.Object)'> (0x000000069b29d900) 
thrown [s\open\src\hotspot\share\interpreter\linkResolver.cpp, line 773]
Event: 0.971 Thread 0x000001adcbccf7a0 Exception <a 'java/lang/NoSuchMethodError'{0x000000069b2fca80}: 'java.lang.Object java.lang.invoke.DirectMethodHandle$Holder.invokeSpecial(java.lang.Object, java.lang.Object, java.lang.Object, java.lang.Object, java.lang.Object, java.lang.Object, int)'> (0x000000069b2fca80) 
thrown [s\open\src\hotspot\share\interpreter\linkResolver.cpp, line 773]
Event: 0.971 Thread 0x000001adcbccf7a0 Exception <a 'java/lang/NoSuchMethodError'{0x000000069b305f88}: 'java.lang.Object java.lang.invoke.DirectMethodHandle$Holder.newInvokeSpecial(java.lang.Object, java.lang.Object, java.lang.Object, java.lang.Object, java.lang.Object, java.lang.Object, int)'> (0x000000069b305f88) 
thrown [s\open\src\hotspot\share\interpreter\linkResolver.cpp, line 773]
Event: 0.972 Thread 0x000001adcbccf7a0 Exception <a 'java/lang/NoSuchMethodError'{0x000000069b30a600}: 'java.lang.Object java.lang.invoke.DirectMethodHandle$Holder.invokeSpecial(java.lang.Object, java.lang.Object, java.lang.Object, java.lang.Object, java.lang.Object, java.lang.Object, java.lang.Object, int)'> (0x000000069b30a600) 
thrown [s\open\src\hotspot\share\interpreter\linkResolver.cpp, line 773]
Event: 1.027 Thread 0x000001adcbccf7a0 Exception <a 'java/lang/NoSuchMethodError'{0x000000069aca0ec0}: 'int java.lang.invoke.DirectMethodHandle$Holder.invokeVirtual(java.lang.Object, java.lang.Object)'> (0x000000069aca0ec0) 
thrown [s\open\src\hotspot\share\interpreter\linkResolver.cpp, line 773]
Event: 1.041 Thread 0x000001adcbccf7a0 Exception <a 'java/lang/NoSuchMethodError'{0x000000069ad530d0}: 'java.lang.Object java.lang.invoke.DirectMethodHandle$Holder.invokeSpecial(java.lang.Object, java.lang.Object, java.lang.Object, int, java.lang.Object)'> (0x000000069ad530d0) 
thrown [s\open\src\hotspot\share\interpreter\linkResolver.cpp, line 773]
Event: 1.042 Thread 0x000001adcbccf7a0 Exception <a 'java/lang/NoSuchMethodError'{0x000000069ad5a9c0}: 'java.lang.Object java.lang.invoke.DirectMethodHandle$Holder.newInvokeSpecial(java.lang.Object, java.lang.Object, java.lang.Object, int, java.lang.Object)'> (0x000000069ad5a9c0) 
thrown [s\open\src\hotspot\share\interpreter\linkResolver.cpp, line 773]
Event: 1.042 Thread 0x000001adcbccf7a0 Exception <a 'java/lang/NoSuchMethodError'{0x000000069ad61e78}: 'java.lang.Object java.lang.invoke.Invokers$Holder.linkToTargetMethod(java.lang.Object, java.lang.Object, int, java.lang.Object, java.lang.Object)'> (0x000000069ad61e78) 
thrown [s\open\src\hotspot\share\interpreter\linkResolver.cpp, line 773]
Event: 1.043 Thread 0x000001adcbccf7a0 Exception <a 'java/lang/NoSuchMethodError'{0x000000069ad70ab0}: 'java.lang.Object java.lang.invoke.DirectMethodHandle$Holder.newInvokeSpecial(java.lang.Object, int, java.lang.Object)'> (0x000000069ad70ab0) 
thrown [s\open\src\hotspot\share\interpreter\linkResolver.cpp, line 773]
Event: 1.043 Thread 0x000001adcbccf7a0 Exception <a 'java/lang/NoSuchMethodError'{0x000000069ad751c0}: 'int java.lang.invoke.DirectMethodHandle$Holder.invokeSpecialIFC(java.lang.Object, java.lang.Object, java.lang.Object, java.lang.Object)'> (0x000000069ad751c0) 
thrown [s\open\src\hotspot\share\interpreter\linkResolver.cpp, line 773]
Event: 1.057 Thread 0x000001adcbccf7a0 Exception <a 'java/lang/NoSuchMethodError'{0x000000069ae4ba68}: 'void java.lang.invoke.DirectMethodHandle$Holder.invokeInterface(java.lang.Object, java.lang.Object, java.lang.Object)'> (0x000000069ae4ba68) 
thrown [s\open\src\hotspot\share\interpreter\linkResolver.cpp, line 773]
Event: 1.070 Thread 0x000001adcbccf7a0 Exception <a 'java/lang/NoSuchMethodError'{0x000000069aeeb910}: 'java.lang.Object java.lang.invoke.DirectMethodHandle$Holder.invokeVirtual(java.lang.Object, java.lang.Object, java.lang.Object)'> (0x000000069aeeb910) 
thrown [s\open\src\hotspot\share\interpreter\linkResolver.cpp, line 773]

ZGC Phase Switch (0 events):
No events

VM Operations (20 events):
Event: 0.281 Executing VM operation: HandshakeAllThreads (Deoptimize)
Event: 0.281 Executing VM operation: HandshakeAllThreads (Deoptimize) done
Event: 0.444 Executing VM operation: HandshakeAllThreads (Deoptimize)
Event: 0.444 Executing VM operation: HandshakeAllThreads (Deoptimize) done
Event: 0.502 Executing VM operation: HandshakeAllThreads (Deoptimize)
Event: 0.502 Executing VM operation: HandshakeAllThreads (Deoptimize) done
Event: 0.532 Executing VM operation: HandshakeAllThreads (Deoptimize)
Event: 0.532 Executing VM operation: HandshakeAllThreads (Deoptimize) done
Event: 0.556 Executing VM operation: HandshakeAllThreads (Deoptimize)
Event: 0.556 Executing VM operation: HandshakeAllThreads (Deoptimize) done
Event: 0.560 Executing VM operation: HandshakeAllThreads (Deoptimize)
Event: 0.560 Executing VM operation: HandshakeAllThreads (Deoptimize) done
Event: 0.611 Executing VM operation: G1CollectForAllocation (G1 Evacuation Pause)
Event: 0.615 Executing VM operation: G1CollectForAllocation (G1 Evacuation Pause) done
Event: 0.846 Executing VM operation: HandshakeAllThreads (Deoptimize)
Event: 0.846 Executing VM operation: HandshakeAllThreads (Deoptimize) done
Event: 0.924 Executing VM operation: G1CollectForAllocation (G1 Evacuation Pause)
Event: 0.928 Executing VM operation: G1CollectForAllocation (G1 Evacuation Pause) done
Event: 1.026 Executing VM operation: HandshakeAllThreads (Deoptimize)
Event: 1.026 Executing VM operation: HandshakeAllThreads (Deoptimize) done

Events (17 events):
Event: 0.022 Thread 0x000001adebafef80 Thread added: 0x000001adebafef80
Event: 0.035 Thread 0x000001adfd738130 Thread added: 0x000001adfd738130
Event: 0.036 Thread 0x000001adfd739260 Thread added: 0x000001adfd739260
Event: 0.036 Thread 0x000001adfd73d660 Thread added: 0x000001adfd73d660
Event: 0.036 Thread 0x000001adfd73f640 Thread added: 0x000001adfd73f640
Event: 0.036 Thread 0x000001adfd7490c0 Thread added: 0x000001adfd7490c0
Event: 0.036 Thread 0x000001adfd76dab0 Thread added: 0x000001adfd76dab0
Event: 0.036 Thread 0x000001adfd76e510 Thread added: 0x000001adfd76e510
Event: 0.116 Thread 0x000001adcb21eca0 Thread added: 0x000001adcb21eca0
Event: 0.123 Thread 0x000001adcb221da0 Thread added: 0x000001adcb221da0
Event: 0.227 Thread 0x000001adcb52a980 Thread added: 0x000001adcb52a980
Event: 0.227 Thread 0x000001adcb6f0f50 Thread added: 0x000001adcb6f0f50
Event: 0.396 Thread 0x000001adcb7de880 Thread added: 0x000001adcb7de880
Event: 0.397 Thread 0x000001adcb7e2220 Thread added: 0x000001adcb7e2220
Event: 0.514 Thread 0x000001adcb9196b0 Thread added: 0x000001adcb9196b0
Event: 0.793 Thread 0x000001adcbcced30 Thread added: 0x000001adcbcced30
Event: 0.794 Thread 0x000001adcbccf7a0 Thread added: 0x000001adcbccf7a0


Dynamic libraries:
0x00007ff743160000 - 0x00007ff74316e000 	C:\Users\busqu\.jdks\openjdk-21.0.2\bin\java.exe
0x00007ff88fbd0000 - 0x00007ff88fde7000 	C:\WINDOWS\SYSTEM32\ntdll.dll
0x00007ff88e5b0000 - 0x00007ff88e674000 	C:\WINDOWS\System32\KERNEL32.DLL
0x00007ff88d100000 - 0x00007ff88d4a6000 	C:\WINDOWS\System32\KERNELBASE.dll
0x00007ff88d550000 - 0x00007ff88d661000 	C:\WINDOWS\System32\ucrtbase.dll
0x00007ff8574d0000 - 0x00007ff8574e8000 	C:\Users\busqu\.jdks\openjdk-21.0.2\bin\jli.dll
0x00007ff857350000 - 0x00007ff85736b000 	C:\Users\busqu\.jdks\openjdk-21.0.2\bin\VCRUNTIME140.dll
0x00007ff88ebf0000 - 0x00007ff88ed9e000 	C:\WINDOWS\System32\USER32.dll
0x00007ff88d0d0000 - 0x00007ff88d0f6000 	C:\WINDOWS\System32\win32u.dll
0x00007ff871920000 - 0x00007ff871bb3000 	C:\WINDOWS\WinSxS\amd64_microsoft.windows.common-controls_6595b64144ccf1df_6.0.22621.2506_none_270c5ae97388e100\COMCTL32.dll
0x00007ff88e340000 - 0x00007ff88e3e7000 	C:\WINDOWS\System32\msvcrt.dll
0x00007ff88ebb0000 - 0x00007ff88ebd9000 	C:\WINDOWS\System32\GDI32.dll
0x00007ff88cfb0000 - 0x00007ff88d0c8000 	C:\WINDOWS\System32\gdi32full.dll
0x00007ff88d4b0000 - 0x00007ff88d54a000 	C:\WINDOWS\System32\msvcp_win.dll
0x00007ff88e250000 - 0x00007ff88e281000 	C:\WINDOWS\System32\IMM32.DLL
0x00007ff85cce0000 - 0x00007ff85ccec000 	C:\Users\busqu\.jdks\openjdk-21.0.2\bin\vcruntime140_1.dll
0x00007ff856d90000 - 0x00007ff856e1e000 	C:\Users\busqu\.jdks\openjdk-21.0.2\bin\msvcp140.dll
0x00007fffbecb0000 - 0x00007fffbf9c7000 	C:\Users\busqu\.jdks\openjdk-21.0.2\bin\server\jvm.dll
0x00007ff88dfd0000 - 0x00007ff88e083000 	C:\WINDOWS\System32\ADVAPI32.dll
0x00007ff88e680000 - 0x00007ff88e728000 	C:\WINDOWS\System32\sechost.dll
0x00007ff88cf10000 - 0x00007ff88cf38000 	C:\WINDOWS\System32\bcrypt.dll
0x00007ff88de80000 - 0x00007ff88df97000 	C:\WINDOWS\System32\RPCRT4.dll
0x00007ff88f2b0000 - 0x00007ff88f321000 	C:\WINDOWS\System32\WS2_32.dll
0x00007ff88cb80000 - 0x00007ff88cbcd000 	C:\WINDOWS\SYSTEM32\POWRPROF.dll
0x00007ff883360000 - 0x00007ff883394000 	C:\WINDOWS\SYSTEM32\WINMM.dll
0x00007ff8829f0000 - 0x00007ff8829fa000 	C:\WINDOWS\SYSTEM32\VERSION.dll
0x00007ff88c9c0000 - 0x00007ff88c9d3000 	C:\WINDOWS\SYSTEM32\UMPDC.dll
0x00007ff88bf00000 - 0x00007ff88bf18000 	C:\WINDOWS\SYSTEM32\kernel.appcore.dll
0x00007ff85b8e0000 - 0x00007ff85b8ea000 	C:\Users\busqu\.jdks\openjdk-21.0.2\bin\jimage.dll
0x00007ff88a8c0000 - 0x00007ff88aaf3000 	C:\WINDOWS\SYSTEM32\DBGHELP.DLL
0x00007ff88da80000 - 0x00007ff88de09000 	C:\WINDOWS\System32\combase.dll
0x00007ff88e100000 - 0x00007ff88e1d7000 	C:\WINDOWS\System32\OLEAUT32.dll
0x00007ff867590000 - 0x00007ff8675c2000 	C:\WINDOWS\SYSTEM32\dbgcore.DLL
0x00007ff88d670000 - 0x00007ff88d6ea000 	C:\WINDOWS\System32\bcryptPrimitives.dll
0x00007ff889af0000 - 0x00007ff889aff000 	C:\Users\busqu\.jdks\openjdk-21.0.2\bin\instrument.dll
0x00007ff857330000 - 0x00007ff85734f000 	C:\Users\busqu\.jdks\openjdk-21.0.2\bin\java.dll
0x00007ff88f330000 - 0x00007ff88fb8a000 	C:\WINDOWS\System32\SHELL32.dll
0x00007ff88ae10000 - 0x00007ff88b706000 	C:\WINDOWS\SYSTEM32\windows.storage.dll
0x00007ff88acd0000 - 0x00007ff88ae0e000 	C:\WINDOWS\SYSTEM32\wintypes.dll
0x00007ff88e880000 - 0x00007ff88e973000 	C:\WINDOWS\System32\SHCORE.dll
0x00007ff88da20000 - 0x00007ff88da7e000 	C:\WINDOWS\System32\shlwapi.dll
0x00007ff88ce40000 - 0x00007ff88ce66000 	C:\WINDOWS\SYSTEM32\profapi.dll
0x00007ff856cf0000 - 0x00007ff856d08000 	C:\Users\busqu\.jdks\openjdk-21.0.2\bin\zip.dll
0x00007ff8574c0000 - 0x00007ff8574d0000 	C:\Users\busqu\.jdks\openjdk-21.0.2\bin\net.dll
0x00007ff884a30000 - 0x00007ff884b67000 	C:\WINDOWS\SYSTEM32\WINHTTP.dll
0x00007ff88c370000 - 0x00007ff88c3d9000 	C:\WINDOWS\system32\mswsock.dll
0x00007ff857100000 - 0x00007ff857116000 	C:\Users\busqu\.jdks\openjdk-21.0.2\bin\nio.dll
0x00007ff887d20000 - 0x00007ff887d3a000 	C:\Program Files\JetBrains\IntelliJ IDEA 2023.2\bin\breakgen64.dll
0x00007ff857320000 - 0x00007ff857329000 	C:\Users\busqu\.jdks\openjdk-21.0.2\bin\extnet.dll
0x00007ff88b9e0000 - 0x00007ff88bad9000 	C:\WINDOWS\SYSTEM32\DNSAPI.dll
0x00007ff88b970000 - 0x00007ff88b99d000 	C:\WINDOWS\SYSTEM32\IPHLPAPI.DLL
0x00007ff88dfc0000 - 0x00007ff88dfc9000 	C:\WINDOWS\System32\NSI.dll
0x00007ff885240000 - 0x00007ff88524a000 	C:\Windows\System32\rasadhlp.dll
0x00007ff883bd0000 - 0x00007ff883c53000 	C:\WINDOWS\System32\fwpuclnt.dll
0x00007ff889ae0000 - 0x00007ff889aea000 	C:\Users\busqu\.jdks\openjdk-21.0.2\bin\management.dll
0x00007ff887e10000 - 0x00007ff887e1b000 	C:\Users\busqu\.jdks\openjdk-21.0.2\bin\management_ext.dll
0x00007ff88eb20000 - 0x00007ff88eb28000 	C:\WINDOWS\System32\PSAPI.DLL
0x00007ff88c6c0000 - 0x00007ff88c6db000 	C:\WINDOWS\SYSTEM32\CRYPTSP.dll
0x00007ff88be60000 - 0x00007ff88be95000 	C:\WINDOWS\system32\rsaenh.dll
0x00007ff88c410000 - 0x00007ff88c43c000 	C:\WINDOWS\SYSTEM32\USERENV.dll
0x00007ff88c6a0000 - 0x00007ff88c6ac000 	C:\WINDOWS\SYSTEM32\CRYPTBASE.dll
0x00007ff864480000 - 0x00007ff864497000 	C:\WINDOWS\system32\napinsp.dll
0x00007ff8628e0000 - 0x00007ff8628fb000 	C:\WINDOWS\system32\pnrpnsp.dll
0x00007ff8607e0000 - 0x00007ff8607f1000 	C:\WINDOWS\System32\winrnr.dll
0x00007ff884320000 - 0x00007ff884335000 	C:\WINDOWS\system32\wshbth.dll
0x00007ff8607b0000 - 0x00007ff8607d1000 	C:\WINDOWS\system32\nlansp_c.dll

dbghelp: loaded successfully - version: 4.0.5 - missing functions: none
symbol engine: initialized successfully - sym options: 0x614 - pdb path: .;C:\Users\busqu\.jdks\openjdk-21.0.2\bin;C:\WINDOWS\SYSTEM32;C:\WINDOWS\WinSxS\amd64_microsoft.windows.common-controls_6595b64144ccf1df_6.0.22621.2506_none_270c5ae97388e100;C:\Users\busqu\.jdks\openjdk-21.0.2\bin\server;C:\Program Files\JetBrains\IntelliJ IDEA 2023.2\bin

VM Arguments:
jvm_args: -XX:TieredStopAtLevel=1 -Dspring.output.ansi.enabled=always -Dcom.sun.management.jmxremote -Dspring.jmx.enabled=true -Dspring.liveBeansView.mbeanDomain -Dspring.application.admin.enabled=true -Dmanagement.endpoints.jmx.exposure.include=* -javaagent:C:\Program Files\JetBrains\IntelliJ IDEA 2023.2\lib\idea_rt.jar=51318:C:\Program Files\JetBrains\IntelliJ IDEA 2023.2\bin -Dfile.encoding=UTF-8 -Dsun.stdout.encoding=UTF-8 -Dsun.stderr.encoding=UTF-8 
java_command: com.example.fixify.FixifyApplication
java_class_path (initial): C:\Users\busqu\IdeaProjects\Fixify\target\classes;C:\Users\busqu\.m2\repository\org\springframework\boot\spring-boot-starter-data-jpa\3.2.1\spring-boot-starter-data-jpa-3.2.1.jar;C:\Users\busqu\.m2\repository\org\springframework\boot\spring-boot-starter-aop\3.2.1\spring-boot-starter-aop-3.2.1.jar;C:\Users\busqu\.m2\repository\org\aspectj\aspectjweaver\1.9.21\aspectjweaver-1.9.21.jar;C:\Users\busqu\.m2\repository\org\springframework\boot\spring-boot-starter-jdbc\3.2.1\spring-boot-starter-jdbc-3.2.1.jar;C:\Users\busqu\.m2\repository\com\zaxxer\HikariCP\5.0.1\HikariCP-5.0.1.jar;C:\Users\busqu\.m2\repository\org\springframework\spring-jdbc\6.1.2\spring-jdbc-6.1.2.jar;C:\Users\busqu\.m2\repository\org\hibernate\orm\hibernate-core\6.4.1.Final\hibernate-core-6.4.1.Final.jar;C:\Users\busqu\.m2\repository\jakarta\persistence\jakarta.persistence-api\3.1.0\jakarta.persistence-api-3.1.0.jar;C:\Users\busqu\.m2\repository\jakarta\transaction\jakarta.transaction-api\2.0.1\jakarta.transaction-api-2.0.1.jar;C:\Users\busqu\.m2\repository\org\jboss\logging\jboss-logging\3.5.3.Final\jboss-logging-3.5.3.Final.jar;C:\Users\busqu\.m2\repository\org\hibernate\common\hibernate-commons-annotations\6.0.6.Final\hibernate-commons-annotations-6.0.6.Final.jar;C:\Users\busqu\.m2\repository\io\smallrye\jandex\3.1.2\jandex-3.1.2.jar;C:\Users\busqu\.m2\repository\com\fasterxml\classmate\1.6.0\classmate-1.6.0.jar;C:\Users\busqu\.m2\repository\net\bytebuddy\byte-buddy\1.14.10\byte-buddy-1.14.10.jar;C:\Users\busqu\.m2\repository\org\glassfish\jaxb\jaxb-runtime\4.0.4\jaxb-runtime-4.0.4.jar;C:\Users\busqu\.m2\repository\org\glassfish\jaxb\jaxb-core\4.0.4\jaxb-core-4.0.4.jar;C:\Users\busqu\.m2\repository\org\eclipse\angus\angus-activation\2.0.1\angus-activation-2.0.1.jar;C:\Users\busqu\.m2\repository\org\glassfish\jaxb\txw2\4.0.4\txw2-4.0.4.jar;C:\Users\busqu\.m2\repository\com\sun\istack\istack-commons-runtime\4.1.2\istack-commons-runtime-4.1.2.jar;C:\Users\busqu\.m2\repository\jakarta\inject\jakarta.inject-api\2.0.1\jakarta.inject-api-2.0.1.jar;C:\Users\busqu\.m2\repository\org\antlr\antlr4-runtime\4.13.0\antlr4-runtime-4.13.0.jar;C:\Users\busqu\.m2\repository\org\springframework\data\spring-data-jpa\3.2.1\spring-data-jpa-3.2.1.jar;C:\Users\busqu\.m2\repository\org\springframework\data\spring-data-commons\3.2.1\spring-data-commons-3.2.1.jar;C:\Users\busqu\.m2\repository\org\springframework\spring-orm\6.1.2\spring-orm-6.1.2.jar;C:\Users\busqu\.m2\repository\org\springframework\spring-context\6.1.2\spring-context-6.1.2.jar;C:\Users\busqu\.m2\repository\org\springframework\spring-tx\6.1.2\spring-tx-6.1.2.jar;C:\Users\busqu\.m2\repository\org\springframework\spring-beans\6.1.2\spring-beans-6.1.2.jar;C:\Users\busqu\.m2\repository\org\springframework\spring-aspects\6.1.2\spring-aspects-6.1.2.jar;C:\Users\busqu\.m2\repository\org\springframework\boot\spring-boot-starter-thymeleaf\3.2.1\spring-boot-starter-thymeleaf-3.2.1.jar;C:\Users\busqu\.m2\repository\org\springframework\boot\spring-boot-starter\3.2.1\spring-boot-starter-3.2.1.jar;C:\Users\busqu\.m2\repository\org\springframework\boot\spring-boot-starter-logging\3.2.1\spring-boot-starter-logging-3.2.1.jar;C:\Users\busqu\.m2\repository\ch\qos\logback\logback-classic\1.4.14\logback-classic-1.4.14.jar;C:\Users\busqu\.m2\repository\ch\qos\logback\logback-core\1.4.14\logback-core-1.4.14.jar;C:\Users\busqu\.m2\repository\org\apache\logging\log4j\log4j-to-slf4j\2.21.1\log4j-to-slf4j-2.21.1.jar;C:\Users\busqu\.m2\repository\org\apache\logging\log4j\log4j-api\2.21.1\log4j-api-2.21.1.jar;C:\Users\busqu\.m2\repository\org\slf4j\jul-to-slf4j\2.0.9\jul-to-slf4j-2.0.9.jar;C:\Users\busqu\.m2\repository\org\yaml\snakeyaml\2.2\snakeyaml-2.2.jar;C:\Users\busqu\.m2\repository\org\thymeleaf\thymeleaf-spring6\3.1.2.RELEASE\thymeleaf-spring6-3.1.2.RELEASE.jar;C:\Users\busqu\.m2\repository\org\thymeleaf\thymeleaf\3.1.2.RELEASE\thymeleaf-3.1.2.RELEASE.jar;C:\Users\busqu\.m2\repository\org\attoparser\attoparser\2.0.7.RELEASE\attoparser-2.0.7.RELEASE.jar;C:\Users\busqu\.m2\repository\org\unbescape\unbescape\1.1.6.RELEASE\unbescape-1.1.6.RELEASE.jar;C:\Users\busqu\.m2\repository\org\springframework\boot\spring-boot-starter-web\3.2.1\spring-boot-starter-web-3.2.1.jar;C:\Users\busqu\.m2\repository\org\springframework\boot\spring-boot-starter-json\3.2.1\spring-boot-starter-json-3.2.1.jar;C:\Users\busqu\.m2\repository\com\fasterxml\jackson\core\jackson-databind\2.15.3\jackson-databind-2.15.3.jar;C:\Users\busqu\.m2\repository\com\fasterxml\jackson\core\jackson-annotations\2.15.3\jackson-annotations-2.15.3.jar;C:\Users\busqu\.m2\repository\com\fasterxml\jackson\core\jackson-core\2.15.3\jackson-core-2.15.3.jar;C:\Users\busqu\.m2\repository\com\fasterxml\jackson\datatype\jackson-datatype-jdk8\2.15.3\jackson-datatype-jdk8-2.15.3.jar;C:\Users\busqu\.m2\repository\com\fasterxml\jackson\datatype\jackson-datatype-jsr310\2.15.3\jackson-datatype-jsr310-2.15.3.jar;C:\Users\busqu\.m2\repository\com\fasterxml\jackson\module\jackson-module-parameter-names\2.15.3\jackson-module-parameter-names-2.15.3.jar;C:\Users\busqu\.m2\repository\org\springframework\spring-web\6.1.2\spring-web-6.1.2.jar;C:\Users\busqu\.m2\repository\io\micrometer\micrometer-observation\1.12.1\micrometer-observation-1.12.1.jar;C:\Users\busqu\.m2\repository\io\micrometer\micrometer-commons\1.12.1\micrometer-commons-1.12.1.jar;C:\Users\busqu\.m2\repository\org\springframework\spring-webmvc\6.1.2\spring-webmvc-6.1.2.jar;C:\Users\busqu\.m2\repository\org\springframework\spring-expression\6.1.2\spring-expression-6.1.2.jar;C:\Users\busqu\.m2\repository\org\springframework\boot\spring-boot-devtools\3.2.1\spring-boot-devtools-3.2.1.jar;C:\Users\busqu\.m2\repository\org\springframework\boot\spring-boot\3.2.1\spring-boot-3.2.1.jar;C:\Users\busqu\.m2\repository\org\springframework\boot\spring-boot-autoconfigure\3.2.1\spring-boot-autoconfigure-3.2.1.jar;C:\Users\busqu\.m2\repository\org\postgresql\postgresql\42.6.0\postgresql-42.6.0.jar;C:\Users\busqu\.m2\repository\org\checkerframework\checker-qual\3.31.0\checker-qual-3.31.0.jar;C:\Users\busqu\.m2\repository\org\projectlombok\lombok\1.18.30\lombok-1.18.30.jar;C:\Users\busqu\.m2\repository\org\springframework\boot\spring-boot-starter-tomcat\3.2.1\spring-boot-starter-tomcat-3.2.1.jar;C:\Users\busqu\.m2\repository\jakarta\annotation\jakarta.annotation-api\2.1.1\jakarta.annotation-api-2.1.1.jar;C:\Users\busqu\.m2\repository\org\apache\tomcat\embed\tomcat-embed-core\10.1.17\tomcat-embed-core-10.1.17.jar;C:\Users\busqu\.m2\repository\org\apache\tomcat\embed\tomcat-embed-el\10.1.17\tomcat-embed-el-10.1.17.jar;C:\Users\busqu\.m2\repository\org\apache\tomcat\embed\tomcat-embed-websocket\10.1.17\tomcat-embed-websocket-10.1.17.jar;C:\Users\busqu\.m2\repository\jakarta\xml\bind\jakarta.xml.bind-api\4.0.1\jakarta.xml.bind-api-4.0.1.jar;C:\Users\busqu\.m2\repository\jakarta\activation\jakarta.activation-api\2.1.2\jakarta.activation-api-2.1.2.jar;C:\Users\busqu\.m2\repository\org\springframework\spring-core\6.1.2\spring-core-6.1.2.jar;C:\Users\busqu\.m2\repository\org\springframework\spring-jcl\6.1.2\spring-jcl-6.1.2.jar;C:\Users\busqu\.m2\repository\org\springframework\boot\spring-boot-starter-security\3.2.1\spring-boot-starter-security-3.2.1.jar;C:\Users\busqu\.m2\repository\org\springframework\spring-aop\6.1.2\spring-aop-6.1.2.jar;C:\Users\busqu\.m2\repository\org\springframework\security\spring-security-config\6.2.1\spring-security-config-6.2.1.jar;C:\Users\busqu\.m2\repository\org\springframework\security\spring-security-core\6.2.1\spring-security-core-6.2.1.jar;C:\Users\busqu\.m2\repository\org\springframework\security\spring-security-crypto\6.2.1\spring-security-crypto-6.2.1.jar;C:\Users\busqu\.m2\repository\org\springframework\security\spring-security-web\6.2.1\spring-security-web-6.2.1.jar;C:\Users\busqu\.m2\repository\com\itextpdf\barcodes\8.0.2\barcodes-8.0.2.jar;C:\Users\busqu\.m2\repository\com\itextpdf\font-asian\8.0.2\font-asian-8.0.2.jar;C:\Users\busqu\.m2\repository\com\itextpdf\forms\8.0.2\forms-8.0.2.jar;C:\Users\busqu\.m2\repository\com\itextpdf\hyph\8.0.2\hyph-8.0.2.jar;C:\Users\busqu\.m2\repository\com\itextpdf\pdfa\8.0.2\pdfa-8.0.2.jar;C:\Users\busqu\.m2\repository\com\itextpdf\sign\8.0.2\sign-8.0.2.jar;C:\Users\busqu\.m2\repository\com\itextpdf\styled-xml-parser\8.0.2\styled-xml-parser-8.0.2.jar;C:\Users\busqu\.m2\repository\com\itextpdf\svg\8.0.2\svg-8.0.2.jar;C:\Users\busqu\.m2\repository\com\itextpdf\bouncy-castle-connector\8.0.2\bouncy-castle-connector-8.0.2.jar;C:\Users\busqu\.m2\repository\com\itextpdf\kernel\8.0.2\kernel-8.0.2.jar;C:\Users\busqu\.m2\repository\org\slf4j\slf4j-api\2.0.9\slf4j-api-2.0.9.jar;C:\Users\busqu\.m2\repository\com\itextpdf\io\8.0.2\io-8.0.2.jar;C:\Users\busqu\.m2\repository\com\itextpdf\commons\8.0.2\commons-8.0.2.jar;C:\Users\busqu\.m2\repository\com\itextpdf\layout\8.0.2\layout-8.0.2.jar;C:\Users\busqu\.m2\repository\com\itextpdf\html2pdf\5.0.2\html2pdf-5.0.2.jar
Launcher Type: SUN_STANDARD

[Global flags]
     intx CICompilerCount                          = 4                                         {product} {ergonomic}
     uint ConcGCThreads                            = 3                                         {product} {ergonomic}
     uint G1ConcRefinementThreads                  = 10                                        {product} {ergonomic}
   size_t G1HeapRegionSize                         = 4194304                                   {product} {ergonomic}
    uintx GCDrainStackTargetSize                   = 64                                        {product} {ergonomic}
   size_t InitialHeapSize                          = 402653184                                 {product} {ergonomic}
     bool ManagementServer                         = true                                      {product} {command line}
   size_t MarkStackSize                            = 4194304                                   {product} {ergonomic}
   size_t MaxHeapSize                              = 6387924992                                {product} {ergonomic}
   size_t MaxNewSize                               = 3829399552                                {product} {ergonomic}
   size_t MinHeapDeltaBytes                        = 4194304                                   {product} {ergonomic}
   size_t MinHeapSize                              = 8388608                                   {product} {ergonomic}
    uintx NonNMethodCodeHeapSize                   = 4096                                   {pd product} {ergonomic}
    uintx NonProfiledCodeHeapSize                  = 0                                      {pd product} {ergonomic}
     bool ProfileInterpreter                       = false                                  {pd product} {command line}
    uintx ProfiledCodeHeapSize                     = 0                                      {pd product} {ergonomic}
   size_t SoftMaxHeapSize                          = 6387924992                             {manageable} {ergonomic}
     intx TieredStopAtLevel                        = 1                                         {product} {command line}
     bool UseCompressedOops                        = true                           {product lp64_product} {ergonomic}
     bool UseG1GC                                  = true                                      {product} {ergonomic}
     bool UseLargePagesIndividualAllocation        = false                                  {pd product} {ergonomic}

Logging:
Log output configuration:
 #0: stdout all=warning uptime,level,tags foldmultilines=false
 #1: stderr all=off uptime,level,tags foldmultilines=false

Environment Variables:
PATH=C:\Python312\Scripts\;C:\Python312\;C:\Program Files\Python311\Scripts\;C:\Program Files\Python311\;C:\Program Files\Common Files\Oracle\Java\javapath;C:\WINDOWS\system32;C:\WINDOWS;C:\WINDOWS\System32\Wbem;C:\WINDOWS\System32\WindowsPowerShell\v1.0\;C:\WINDOWS\System32\OpenSSH\;C:\ProgramData\chocolatey\bin;C:\Program Files\dotnet\;C:\xampp\php;C:\composer;C:\Program Files\Git\cmd;C:\Program Files\nodejs\;C:\Program Files\PowerShell\7\;C:\Users\busqu\AppData\Local\Microsoft\WindowsApps;C:\Users\busqu\AppData\Local\Programs\Microsoft VS Code\bin;C:\Users\busqu\AppData\Local\GitHubDesktop\bin;C:\ProgramData\busqu\GitHubDesktop\bin;C:\Users\busqu\AppData\Roaming\Composer\vendor\bin;C:\Program Files\MongoDB\Server\6.0\bin\mongod.exe;;C:\Program Files\JetBrains\IntelliJ IDEA 2023.2\bin;;C:\Program Files\JetBrains\GoLand 2023.2\bin;C:\Program Files\heroku\bin;C:\Users\busqu\AppData\Roaming\npm
USERNAME=busqu
OS=Windows_NT
PROCESSOR_IDENTIFIER=AMD64 Family 25 Model 80 Stepping 0, AuthenticAMD
TMP=C:\Users\busqu\AppData\Local\Temp
TEMP=C:\Users\busqu\AppData\Local\Temp




Periodic native trim disabled

---------------  S Y S T E M  ---------------

OS:
 Windows 11 , 64 bit Build 22621 (10.0.22621.2506)
OS uptime: 0 days 4:42 hours
Hyper-V role detected

CPU: total 12 (initial active 12) (12 cores per cpu, 2 threads per core) family 25 model 80 stepping 0 microcode 0x0, cx8, cmov, fxsr, ht, mmx, 3dnowpref, sse, sse2, sse3, ssse3, sse4a, sse4.1, sse4.2, popcnt, lzcnt, tsc, tscinvbit, avx, avx2, aes, erms, clmul, bmi1, bmi2, adx, sha, fma, vzeroupper, clflush, clflushopt, hv, rdtscp, rdpid, fsrm, f16c, cet_ss
Processor Information for all 12 processors :
  Max Mhz: 3901, Current Mhz: 3901, Mhz Limit: 3901

Memory: 4k page, system-wide physical 24367M (1685M free)
TotalPageFile size 83893M (AvailPageFile size 4M)
current process WorkingSet (physical memory assigned to process): 91M, peak: 91M
current process commit charge ("private bytes"): 495M, peak: 495M

vm_info: OpenJDK 64-Bit Server VM (21.0.2+13-58) for windows-amd64 JRE (21.0.2+13-58), built on 2024-01-05T18:32:24Z by "mach5one" with MS VC++ 17.1 (VS2022)

END.
